Using pre-set license
Built from '2022.3/staging' branch; Version is '2022.3.7f1 (b16b3b16c7a0) revision 11627323'; Using compiler version '192829333'; Build Type 'Release'
OS: 'Windows 11  (10.0.22621) 64bit Core' Language: 'fr' Physical Memory: 16122 MB
BatchMode: 1, IsHumanControllingUs: 0, StartBugReporterOnCrash: 0, Is64bit: 1, IsPro: 1

COMMAND LINE ARGUMENTS:
D:\2022.3.7f1\Editor\Unity.exe
-adb2
-batchMode
-noUpm
-name
AssetImportWorker14
-projectPath
C:/Users/Utilisateur/Documents/ProjetS2/100 Days To survive
-logFile
Logs/AssetImportWorker14.log
-srvPort
63480
Successfully changed project path to: C:/Users/Utilisateur/Documents/ProjetS2/100 Days To survive
C:/Users/Utilisateur/Documents/ProjetS2/100 Days To survive
[UnityMemory] Configuration Parameters - Can be set up in boot.config
    "memorysetup-bucket-allocator-granularity=16"
    "memorysetup-bucket-allocator-bucket-count=8"
    "memorysetup-bucket-allocator-block-size=33554432"
    "memorysetup-bucket-allocator-block-count=8"
    "memorysetup-main-allocator-block-size=16777216"
    "memorysetup-thread-allocator-block-size=16777216"
    "memorysetup-gfx-main-allocator-block-size=16777216"
    "memorysetup-gfx-thread-allocator-block-size=16777216"
    "memorysetup-cache-allocator-block-size=4194304"
    "memorysetup-typetree-allocator-block-size=2097152"
    "memorysetup-profiler-bucket-allocator-granularity=16"
    "memorysetup-profiler-bucket-allocator-bucket-count=8"
    "memorysetup-profiler-bucket-allocator-block-size=33554432"
    "memorysetup-profiler-bucket-allocator-block-count=8"
    "memorysetup-profiler-allocator-block-size=16777216"
    "memorysetup-profiler-editor-allocator-block-size=1048576"
    "memorysetup-temp-allocator-size-main=16777216"
    "memorysetup-job-temp-allocator-block-size=2097152"
    "memorysetup-job-temp-allocator-block-size-background=1048576"
    "memorysetup-job-temp-allocator-reduction-small-platforms=262144"
    "memorysetup-allocator-temp-initial-block-size-main=262144"
    "memorysetup-allocator-temp-initial-block-size-worker=262144"
    "memorysetup-temp-allocator-size-background-worker=32768"
    "memorysetup-temp-allocator-size-job-worker=262144"
    "memorysetup-temp-allocator-size-preload-manager=33554432"
    "memorysetup-temp-allocator-size-nav-mesh-worker=65536"
    "memorysetup-temp-allocator-size-audio-worker=65536"
    "memorysetup-temp-allocator-size-cloud-worker=32768"
    "memorysetup-temp-allocator-size-gi-baking-worker=262144"
    "memorysetup-temp-allocator-size-gfx=262144"
Player connection [34856] Host "[IP] 192.168.56.1 [Port] 0 [Flags] 2 [Guid] 762178710 [EditorId] 762178710 [Version] 1048832 [Id] WindowsEditor(7,LAPTOP-ET774ROT) [Debug] 1 [PackageName] WindowsEditor [ProjectName] Editor" joined multi-casting on [225.0.0.222:54997]...

Player connection [34856] Host "[IP] 192.168.56.1 [Port] 0 [Flags] 2 [Guid] 762178710 [EditorId] 762178710 [Version] 1048832 [Id] WindowsEditor(7,LAPTOP-ET774ROT) [Debug] 1 [PackageName] WindowsEditor [ProjectName] Editor" joined alternative multi-casting on [225.0.0.222:34997]...

Refreshing native plugins compatible for Editor in 26.37 ms, found 4 plugins.
Preloading 0 native plugins for Editor in 0.00 ms.
Initialize engine version: 2022.3.7f1 (b16b3b16c7a0)
[Subsystems] Discovering subsystems at path D:/2022.3.7f1/Editor/Data/Resources/UnitySubsystems
[Subsystems] Discovering subsystems at path C:/Users/Utilisateur/Documents/ProjetS2/100 Days To survive/Assets
GfxDevice: creating device client; threaded=0; jobified=0
Direct3D:
    Version:  Direct3D 11.0 [level 11.1]
    Renderer: NVIDIA GeForce RTX 3060 Laptop GPU (ID=0x2520)
    Vendor:   NVIDIA
    VRAM:     6023 MB
    Driver:   31.0.15.1720
Initialize mono
Mono path[0] = 'D:/2022.3.7f1/Editor/Data/Managed'
Mono path[1] = 'D:/2022.3.7f1/Editor/Data/MonoBleedingEdge/lib/mono/unityjit-win32'
Mono config path = 'D:/2022.3.7f1/Editor/Data/MonoBleedingEdge/etc'
Using monoOptions --debugger-agent=transport=dt_socket,embedding=1,server=y,suspend=n,address=127.0.0.1:56360
Begin MonoManager ReloadAssembly
Registering precompiled unity dll's ...
Register platform support module: D:/2022.3.7f1/Editor/Data/PlaybackEngines/WebGLSupport/UnityEditor.WebGL.Extensions.dll
Register platform support module: D:/2022.3.7f1/Editor/Data/PlaybackEngines/AndroidPlayer/UnityEditor.Android.Extensions.dll
Register platform support module: D:/2022.3.7f1/Editor/Data/PlaybackEngines/WindowsStandaloneSupport/UnityEditor.WindowsStandalone.Extensions.dll
Registered in 0.013515 seconds.
- Loaded All Assemblies, in  0.691 seconds
Native extension for WindowsStandalone target not found
Native extension for Android target not found
Android Extension - Scanning For ADB Devices 285 ms
Native extension for WebGL target not found
Mono: successfully reloaded assembly
- Finished resetting the current domain, in  0.692 seconds
Domain Reload Profiling: 1383ms
	BeginReloadAssembly (154ms)
		ExecutionOrderSort (0ms)
		DisableScriptedObjects (0ms)
		BackupInstance (0ms)
		ReleaseScriptingObjects (0ms)
		CreateAndSetChildDomain (1ms)
	RebuildCommonClasses (75ms)
	RebuildNativeTypeToScriptingClass (16ms)
	initialDomainReloadingComplete (107ms)
	LoadAllAssembliesAndSetupDomain (338ms)
		LoadAssemblies (158ms)
		RebuildTransferFunctionScriptingTraits (0ms)
		AnalyzeDomain (329ms)
			TypeCache.Refresh (326ms)
				TypeCache.ScanAssembly (307ms)
			ScanForSourceGeneratedMonoScriptInfo (1ms)
			ResolveRequiredComponents (0ms)
	FinalizeReload (692ms)
		ReleaseScriptCaches (0ms)
		RebuildScriptCaches (0ms)
		SetupLoadedEditorAssemblies (624ms)
			LogAssemblyErrors (0ms)
			InitializePlatformSupportModulesInManaged (488ms)
			SetLoadedEditorAssemblies (3ms)
			RefreshPlugins (0ms)
			BeforeProcessingInitializeOnLoad (2ms)
			ProcessInitializeOnLoadAttributes (90ms)
			ProcessInitializeOnLoadMethodAttributes (41ms)
			AfterProcessingInitializeOnLoad (0ms)
			EditorAssembliesLoaded (0ms)
		ExecutionOrderSort2 (0ms)
		AwakeInstancesAfterBackupRestoration (0ms)
========================================================================
Worker process is ready to serve import requests
Begin MonoManager ReloadAssembly
Symbol file LoadedFromMemory doesn't match image C:\Users\Utilisateur\Documents\ProjetS2\100 Days To survive\Library\PackageCache\com.unity.visualscripting@1.8.0\Editor\VisualScripting.Core\Dependencies\YamlDotNet\Unity.VisualScripting.YamlDotNet.dll
Symbol file LoadedFromMemory doesn't match image C:\Users\Utilisateur\Documents\ProjetS2\100 Days To survive\Library\PackageCache\com.unity.visualscripting@1.8.0\Editor\VisualScripting.Core\Dependencies\DotNetZip\Unity.VisualScripting.IonicZip.dll
- Loaded All Assemblies, in  1.876 seconds
Refreshing native plugins compatible for Editor in 9.99 ms, found 4 plugins.
Native extension for WindowsStandalone target not found
Native extension for Android target not found
Native extension for WebGL target not found
Mono: successfully reloaded assembly
- Finished resetting the current domain, in  1.160 seconds
Domain Reload Profiling: 3037ms
	BeginReloadAssembly (266ms)
		ExecutionOrderSort (0ms)
		DisableScriptedObjects (14ms)
		BackupInstance (0ms)
		ReleaseScriptingObjects (0ms)
		CreateAndSetChildDomain (33ms)
	RebuildCommonClasses (104ms)
	RebuildNativeTypeToScriptingClass (23ms)
	initialDomainReloadingComplete (65ms)
	LoadAllAssembliesAndSetupDomain (1418ms)
		LoadAssemblies (1169ms)
		RebuildTransferFunctionScriptingTraits (0ms)
		AnalyzeDomain (410ms)
			TypeCache.Refresh (341ms)
				TypeCache.ScanAssembly (291ms)
			ScanForSourceGeneratedMonoScriptInfo (48ms)
			ResolveRequiredComponents (12ms)
	FinalizeReload (1161ms)
		ReleaseScriptCaches (0ms)
		RebuildScriptCaches (0ms)
		SetupLoadedEditorAssemblies (753ms)
			LogAssemblyErrors (0ms)
			InitializePlatformSupportModulesInManaged (47ms)
			SetLoadedEditorAssemblies (7ms)
			RefreshPlugins (0ms)
			BeforeProcessingInitializeOnLoad (120ms)
			ProcessInitializeOnLoadAttributes (514ms)
			ProcessInitializeOnLoadMethodAttributes (63ms)
			AfterProcessingInitializeOnLoad (2ms)
			EditorAssembliesLoaded (0ms)
		ExecutionOrderSort2 (0ms)
		AwakeInstancesAfterBackupRestoration (8ms)
Launched and connected shader compiler UnityShaderCompiler.exe after 0.10 seconds
Refreshing native plugins compatible for Editor in 4.49 ms, found 4 plugins.
Preloading 0 native plugins for Editor in 0.00 ms.
Unloading 4065 Unused Serialized files (Serialized files now loaded: 0)
Unloading 69 unused Assets / (245.5 KB). Loaded Objects now: 4526.
Memory consumption went from 151.7 MB to 151.5 MB.
Total: 5.034800 ms (FindLiveObjects: 0.866400 ms CreateObjectMapping: 0.269300 ms MarkObjects: 3.499600 ms  DeleteObjects: 0.396100 ms)

AssetImportParameters requested are different than current active one (requested -> active):
  custom:container-demuxer-ogg: 62fdf1f143b41e24485cea50d1cbac27 -> 
  custom:video-codec-MediaFoundation-h265: 746d11721c4dcdbdad8f713fa42b33f4 -> 
  custom:video-decoder-ogg-theora: a1e56fd34408186e4bbccfd4996cb3dc -> 
  custom:framework-win-MediaFoundation: 216162199b28c13a410421893ffa2e32 -> 
  custom:CustomObjectIndexerAttribute: 756ad292c208cfabdd7b50bc23989ffe -> 
  custom:container-demuxer-webm: 4f35f7cbe854078d1ac9338744f61a02 -> 
  custom:container-muxer-webm: aa71ff27fc2769a1b78a27578f13a17b -> 
  custom:video-decoder-webm-vp8: 9c59270c3fd7afecdb556c50c9e8de78 -> 
  custom:SearchIndexIgnoredProperties: e643bd26f0fe6173181afceb89e7c659 -> 
  custom:AudioImporter_EditorPlatform: d09bf68614088b80899f8185d706f6e7 -> 
  custom:video-encoder-webm-vp8: eb34c28f22e8b96e1ab97ce403110664 -> 
  custom:audio-decoder-ogg-vorbis: bf7c407c2cedff20999df2af8eb42d56 -> 
  custom:audio-encoder-webm-vorbis: bf7c407c2cedff20999df2af8eb42d56 -> 
========================================================================
Received Import Request.
  Time since last request: 345960.066554 seconds.
  path: Assets/Textures/SpriteItem/Chestplate/Icons_6_93.png
  artifactKey: Guid(81d68b1ff37cb4647958bf1c2f81c24a) Importer(815301076,1909f56bfc062723c751e8b465ee728b)
Start importing Assets/Textures/SpriteItem/Chestplate/Icons_6_93.png using Guid(81d68b1ff37cb4647958bf1c2f81c24a) Importer(815301076,1909f56bfc062723c751e8b465ee728b)  -> (artifact id: '8ec4b914001069238389748db35804d3') in 0.138507 seconds
Number of updated asset objects reloaded before import = 0
Number of asset objects unloaded after import = 3
========================================================================
Received Import Request.
  Time since last request: 0.069454 seconds.
  path: Assets/Textures/SpriteItem/Chestplate/icons_11_10.png
  artifactKey: Guid(ee6d9aee46b6d6f4babe5aa76874d6b4) Importer(815301076,1909f56bfc062723c751e8b465ee728b)
Start importing Assets/Textures/SpriteItem/Chestplate/icons_11_10.png using Guid(ee6d9aee46b6d6f4babe5aa76874d6b4) Importer(815301076,1909f56bfc062723c751e8b465ee728b)  -> (artifact id: '9eada9371fc2ebb93a21d2c7abfd0232') in 0.008636 seconds
Number of updated asset objects reloaded before import = 0
Number of asset objects unloaded after import = 3
========================================================================
Received Import Request.
  Time since last request: 0.000013 seconds.
  path: Assets/Textures/SpriteItem/Chestplate/icons_11_21.png
  artifactKey: Guid(dd0481eb02d57ab488a0a2683be99f74) Importer(815301076,1909f56bfc062723c751e8b465ee728b)
Start importing Assets/Textures/SpriteItem/Chestplate/icons_11_21.png using Guid(dd0481eb02d57ab488a0a2683be99f74) Importer(815301076,1909f56bfc062723c751e8b465ee728b)  -> (artifact id: '6b41afcd3f77cbe35ee584248e1330dc') in 0.012430 seconds
Number of updated asset objects reloaded before import = 0
Number of asset objects unloaded after import = 3
========================================================================
Received Import Request.
  Time since last request: 0.000034 seconds.
  path: Assets/Textures/SpriteItem/Chestplate/icons_11_20.png
  artifactKey: Guid(cf75b4bd641b86c4a9caeba95d6a71eb) Importer(815301076,1909f56bfc062723c751e8b465ee728b)
Start importing Assets/Textures/SpriteItem/Chestplate/icons_11_20.png using Guid(cf75b4bd641b86c4a9caeba95d6a71eb) Importer(815301076,1909f56bfc062723c751e8b465ee728b)  -> (artifact id: '7f624b66126bdfdbe9a1c2c0c501c4ad') in 0.017569 seconds
Number of updated asset objects reloaded before import = 0
Number of asset objects unloaded after import = 3
========================================================================
Received Import Request.
  Time since last request: 0.000019 seconds.
  path: Assets/Textures/SpriteItem/Chestplate/icons_11_23.png
  artifactKey: Guid(f07e7c5a96c47e94eb1016e7545d61b0) Importer(815301076,1909f56bfc062723c751e8b465ee728b)
Start importing Assets/Textures/SpriteItem/Chestplate/icons_11_23.png using Guid(f07e7c5a96c47e94eb1016e7545d61b0) Importer(815301076,1909f56bfc062723c751e8b465ee728b)  -> (artifact id: '65297058f1f57ba5fe48080d1eb2e67b') in 0.016636 seconds
Number of updated asset objects reloaded before import = 0
Number of asset objects unloaded after import = 3
========================================================================
Received Import Request.
  Time since last request: 0.101216 seconds.
  path: Assets/Textures/SpriteItem/Chestplate/icons_11_27.png
  artifactKey: Guid(be097db68f6488e4cb280f7ce6a127ae) Importer(815301076,1909f56bfc062723c751e8b465ee728b)
Start importing Assets/Textures/SpriteItem/Chestplate/icons_11_27.png using Guid(be097db68f6488e4cb280f7ce6a127ae) Importer(815301076,1909f56bfc062723c751e8b465ee728b)  -> (artifact id: '669134aae865e0ac4a67079c386516a2') in 0.009729 seconds
Number of updated asset objects reloaded before import = 0
Number of asset objects unloaded after import = 3
========================================================================
Received Import Request.
  Time since last request: 0.000016 seconds.
  path: Assets/Textures/SpriteItem/Chestplate/icons_11_38.png
  artifactKey: Guid(47235d1d263dbb64e959ac227e108c66) Importer(815301076,1909f56bfc062723c751e8b465ee728b)
Start importing Assets/Textures/SpriteItem/Chestplate/icons_11_38.png using Guid(47235d1d263dbb64e959ac227e108c66) Importer(815301076,1909f56bfc062723c751e8b465ee728b)  -> (artifact id: '3bc56d4efde35a2b4f1db0fd69c743b5') in 0.009186 seconds
Number of updated asset objects reloaded before import = 0
Number of asset objects unloaded after import = 3
========================================================================
Received Import Request.
  Time since last request: 0.000017 seconds.
  path: Assets/Textures/SpriteItem/Chestplate/icons_11_40.png
  artifactKey: Guid(241d127d28df209448def7fae0c9f07a) Importer(815301076,1909f56bfc062723c751e8b465ee728b)
Start importing Assets/Textures/SpriteItem/Chestplate/icons_11_40.png using Guid(241d127d28df209448def7fae0c9f07a) Importer(815301076,1909f56bfc062723c751e8b465ee728b)  -> (artifact id: '1bfea02d6bbd7507256360ed11ac193e') in 0.023314 seconds
Number of updated asset objects reloaded before import = 0
Number of asset objects unloaded after import = 3
========================================================================
Received Import Request.
  Time since last request: 0.000025 seconds.
  path: Assets/Textures/SpriteItem/Chestplate/icons_11_32.png
  artifactKey: Guid(d18ad0dcf51ce2948a3456c9113a1baf) Importer(815301076,1909f56bfc062723c751e8b465ee728b)
Start importing Assets/Textures/SpriteItem/Chestplate/icons_11_32.png using Guid(d18ad0dcf51ce2948a3456c9113a1baf) Importer(815301076,1909f56bfc062723c751e8b465ee728b)  -> (artifact id: '6c013c1c7affd28881cbab419b24548b') in 0.027596 seconds
Number of updated asset objects reloaded before import = 0
Number of asset objects unloaded after import = 3
========================================================================
Received Import Request.
  Time since last request: 0.416734 seconds.
  path: Assets/Textures/SpriteItem/Chestplate/icons_11_44.png
  artifactKey: Guid(1590819c4bb8c5f4783e87b4550d13e8) Importer(815301076,1909f56bfc062723c751e8b465ee728b)
Start importing Assets/Textures/SpriteItem/Chestplate/icons_11_44.png using Guid(1590819c4bb8c5f4783e87b4550d13e8) Importer(815301076,1909f56bfc062723c751e8b465ee728b)  -> (artifact id: '26cb681533a80bb9448d1b6017120f42') in 0.010770 seconds
Number of updated asset objects reloaded before import = 0
Number of asset objects unloaded after import = 3
========================================================================
Received Import Request.
  Time since last request: 0.000024 seconds.
  path: Assets/Textures/SpriteItem/Chestplate/icons_11_56.png
  artifactKey: Guid(203659b5708aae646b6a6615744f917a) Importer(815301076,1909f56bfc062723c751e8b465ee728b)
Start importing Assets/Textures/SpriteItem/Chestplate/icons_11_56.png using Guid(203659b5708aae646b6a6615744f917a) Importer(815301076,1909f56bfc062723c751e8b465ee728b)  -> (artifact id: '2c5d70c33b3dde58ecf49f800a4d6dae') in 0.017041 seconds
Number of updated asset objects reloaded before import = 0
Number of asset objects unloaded after import = 3
========================================================================
Received Import Request.
  Time since last request: 0.000020 seconds.
  path: Assets/Textures/SpriteItem/Chestplate/icons_11_45.png
  artifactKey: Guid(b9255810aadb8de4aad96f1de1d000c9) Importer(815301076,1909f56bfc062723c751e8b465ee728b)
Start importing Assets/Textures/SpriteItem/Chestplate/icons_11_45.png using Guid(b9255810aadb8de4aad96f1de1d000c9) Importer(815301076,1909f56bfc062723c751e8b465ee728b)  -> (artifact id: '5a76a5f2ade1a6ea32097f39afc85e43') in 0.029123 seconds
Number of updated asset objects reloaded before import = 0
Number of asset objects unloaded after import = 3
========================================================================
Received Import Request.
  Time since last request: 0.000019 seconds.
  path: Assets/Textures/SpriteItem/Chestplate/icons_11_52.png
  artifactKey: Guid(4690dd539159c9b43859053a1ce9a286) Importer(815301076,1909f56bfc062723c751e8b465ee728b)
Start importing Assets/Textures/SpriteItem/Chestplate/icons_11_52.png using Guid(4690dd539159c9b43859053a1ce9a286) Importer(815301076,1909f56bfc062723c751e8b465ee728b)  -> (artifact id: 'cd95a123fbd73eb1e992263df3ede1f3') in 0.024771 seconds
Number of updated asset objects reloaded before import = 0
Number of asset objects unloaded after import = 3
========================================================================
Received Import Request.
  Time since last request: 33.594407 seconds.
  path: Assets/Textures/Sprites/Pixel Paper v1.0/1 Sprites/Sprites/Design/bin/0.png
  artifactKey: Guid(d45b8cbee99a0854288634d6b83f85d1) Importer(815301076,1909f56bfc062723c751e8b465ee728b)
Start importing Assets/Textures/Sprites/Pixel Paper v1.0/1 Sprites/Sprites/Design/bin/0.png using Guid(d45b8cbee99a0854288634d6b83f85d1) Importer(815301076,1909f56bfc062723c751e8b465ee728b)  -> (artifact id: '998294fcdd9e4845356b1f93fa440350') in 0.012707 seconds
Number of updated asset objects reloaded before import = 0
Number of asset objects unloaded after import = 3
========================================================================
Received Import Request.
  Time since last request: 0.000016 seconds.
  path: Assets/Textures/Sprites/Free Paper UI System/1 Sprites/Paper UI Pack/Paper UI/Paper Content Appear Animation/Folding & Cutout/8 Shop/1.png
  artifactKey: Guid(508fff0bdd078b14f9cf69fefe44d6d1) Importer(815301076,1909f56bfc062723c751e8b465ee728b)
Start importing Assets/Textures/Sprites/Free Paper UI System/1 Sprites/Paper UI Pack/Paper UI/Paper Content Appear Animation/Folding & Cutout/8 Shop/1.png using Guid(508fff0bdd078b14f9cf69fefe44d6d1) Importer(815301076,1909f56bfc062723c751e8b465ee728b)  -> (artifact id: 'a0cc5343a122d90c1a51de7f0d5d6061') in 0.020786 seconds
Number of updated asset objects reloaded before import = 0
Number of asset objects unloaded after import = 3
========================================================================
Received Import Request.
  Time since last request: 0.000021 seconds.
  path: Assets/Textures/Sprites/Free Paper UI System/1 Sprites/Content/1 Items/1.png
  artifactKey: Guid(ccbea3e3874b0c7438dfcd10258078fb) Importer(815301076,1909f56bfc062723c751e8b465ee728b)
Start importing Assets/Textures/Sprites/Free Paper UI System/1 Sprites/Content/1 Items/1.png using Guid(ccbea3e3874b0c7438dfcd10258078fb) Importer(815301076,1909f56bfc062723c751e8b465ee728b)  -> (artifact id: '8ae40a58958182b4601236ab9ecdd336') in 0.020673 seconds
Number of updated asset objects reloaded before import = 0
Number of asset objects unloaded after import = 3
========================================================================
Received Import Request.
  Time since last request: 7.197989 seconds.
  path: Assets/Textures/SpriteItem/Chestplate/icons_11_61.png
  artifactKey: Guid(b0c751a083a4eef4c9c3f17e8da7685a) Importer(815301076,1909f56bfc062723c751e8b465ee728b)
Start importing Assets/Textures/SpriteItem/Chestplate/icons_11_61.png using Guid(b0c751a083a4eef4c9c3f17e8da7685a) Importer(815301076,1909f56bfc062723c751e8b465ee728b)  -> (artifact id: '73f6318da63b793789455c1f824438ef') in 0.012478 seconds
Number of updated asset objects reloaded before import = 0
Number of asset objects unloaded after import = 3
========================================================================
Received Import Request.
  Time since last request: 0.000019 seconds.
  path: Assets/Textures/SpriteItem/Chestplate/icons_11_72.png
  artifactKey: Guid(ec96cc5ab6ff2584386ed0f22b4b8976) Importer(815301076,1909f56bfc062723c751e8b465ee728b)
Start importing Assets/Textures/SpriteItem/Chestplate/icons_11_72.png using Guid(ec96cc5ab6ff2584386ed0f22b4b8976) Importer(815301076,1909f56bfc062723c751e8b465ee728b)  -> (artifact id: 'b82b140999b9882b099c2b30dd3a68e4') in 0.017710 seconds
Number of updated asset objects reloaded before import = 0
Number of asset objects unloaded after import = 3
========================================================================
Received Import Request.
  Time since last request: 0.000023 seconds.
  path: Assets/Textures/SpriteItem/Chestplate/icons_11_70.png
  artifactKey: Guid(6eacaa94a63f74b4c8d2ca99abfacf1a) Importer(815301076,1909f56bfc062723c751e8b465ee728b)
Start importing Assets/Textures/SpriteItem/Chestplate/icons_11_70.png using Guid(6eacaa94a63f74b4c8d2ca99abfacf1a) Importer(815301076,1909f56bfc062723c751e8b465ee728b)  -> (artifact id: 'fa3075d2e92b29a2f1c021e4fba1c89d') in 0.025434 seconds
Number of updated asset objects reloaded before import = 0
Number of asset objects unloaded after import = 3
========================================================================
Received Import Request.
  Time since last request: 0.000016 seconds.
  path: Assets/Textures/SpriteItem/Chestplate/icons_11_66.png
  artifactKey: Guid(5e317d427dfbad3428d3679f773ef6fa) Importer(815301076,1909f56bfc062723c751e8b465ee728b)
Start importing Assets/Textures/SpriteItem/Chestplate/icons_11_66.png using Guid(5e317d427dfbad3428d3679f773ef6fa) Importer(815301076,1909f56bfc062723c751e8b465ee728b)  -> (artifact id: 'cfc3880eab98d9585d75d146a20fe778') in 0.023187 seconds
Number of updated asset objects reloaded before import = 0
Number of asset objects unloaded after import = 3
========================================================================
Received Import Request.
  Time since last request: 0.021014 seconds.
  path: Assets/Textures/SpriteItem/Chestplate/icons_11_78.png
  artifactKey: Guid(b4a6ede04add45b459498bad1641a36c) Importer(815301076,1909f56bfc062723c751e8b465ee728b)
Start importing Assets/Textures/SpriteItem/Chestplate/icons_11_78.png using Guid(b4a6ede04add45b459498bad1641a36c) Importer(815301076,1909f56bfc062723c751e8b465ee728b)  -> (artifact id: '3b1938ce5ef57c0a9c3c260ae6e81acf') in 0.012133 seconds
Number of updated asset objects reloaded before import = 0
Number of asset objects unloaded after import = 3
========================================================================
Received Import Request.
  Time since last request: 0.000038 seconds.
  path: Assets/Textures/SpriteItem/Chestplate/icons_11_86.png
  artifactKey: Guid(06dc879807970da42b9fceff74cc3a94) Importer(815301076,1909f56bfc062723c751e8b465ee728b)
Start importing Assets/Textures/SpriteItem/Chestplate/icons_11_86.png using Guid(06dc879807970da42b9fceff74cc3a94) Importer(815301076,1909f56bfc062723c751e8b465ee728b)  -> (artifact id: '63b5da584899ee48cb096a960cc70629') in 0.020026 seconds
Number of updated asset objects reloaded before import = 0
Number of asset objects unloaded after import = 3
========================================================================
Received Import Request.
  Time since last request: 0.000027 seconds.
  path: Assets/Textures/SpriteItem/Chestplate/icons_11_79.png
  artifactKey: Guid(46706d6c05f198046bd90e08cceb3a30) Importer(815301076,1909f56bfc062723c751e8b465ee728b)
Start importing Assets/Textures/SpriteItem/Chestplate/icons_11_79.png using Guid(46706d6c05f198046bd90e08cceb3a30) Importer(815301076,1909f56bfc062723c751e8b465ee728b)  -> (artifact id: '75127f291d296b8a95c8c27dc930fec8') in 0.011440 seconds
Number of updated asset objects reloaded before import = 0
Number of asset objects unloaded after import = 3
========================================================================
Received Import Request.
  Time since last request: 0.000035 seconds.
  path: Assets/Textures/SpriteItem/Chestplate/icons_11_88.png
  artifactKey: Guid(56a2d33f51519624b80608060ca1f47a) Importer(815301076,1909f56bfc062723c751e8b465ee728b)
Start importing Assets/Textures/SpriteItem/Chestplate/icons_11_88.png using Guid(56a2d33f51519624b80608060ca1f47a) Importer(815301076,1909f56bfc062723c751e8b465ee728b)  -> (artifact id: 'b61e76f5aa8ba9b09077f78a498413e8') in 0.023248 seconds
Number of updated asset objects reloaded before import = 0
Number of asset objects unloaded after import = 3
========================================================================
Received Import Request.
  Time since last request: 0.000035 seconds.
  path: Assets/Textures/SpriteItem/Chestplate/icons_11_85.png
  artifactKey: Guid(64a0cc30791d6f142a83bb581ac60edd) Importer(815301076,1909f56bfc062723c751e8b465ee728b)
Start importing Assets/Textures/SpriteItem/Chestplate/icons_11_85.png using Guid(64a0cc30791d6f142a83bb581ac60edd) Importer(815301076,1909f56bfc062723c751e8b465ee728b)  -> (artifact id: '5fa2d70d83bda04b021fba4bdd117f65') in 0.040574 seconds
Number of updated asset objects reloaded before import = 0
Number of asset objects unloaded after import = 3
========================================================================
Received Import Request.
  Time since last request: 0.187024 seconds.
  path: Assets/Textures/SpriteItem/Chestplate/icons_11_95.png
  artifactKey: Guid(1aa79f98a36c4814ab96ae52861dc921) Importer(815301076,1909f56bfc062723c751e8b465ee728b)
Start importing Assets/Textures/SpriteItem/Chestplate/icons_11_95.png using Guid(1aa79f98a36c4814ab96ae52861dc921) Importer(815301076,1909f56bfc062723c751e8b465ee728b)  -> (artifact id: '0ea0b1dc8fcc56b68fbb0b11caa603dd') in 0.010038 seconds
Number of updated asset objects reloaded before import = 0
Number of asset objects unloaded after import = 3
========================================================================
Received Import Request.
  Time since last request: 0.000017 seconds.
  path: Assets/Textures/SpriteItem/Chestplate/icons_14_08.png
  artifactKey: Guid(20223feda1ece2049966ed2dc1e7bc9f) Importer(815301076,1909f56bfc062723c751e8b465ee728b)
Start importing Assets/Textures/SpriteItem/Chestplate/icons_14_08.png using Guid(20223feda1ece2049966ed2dc1e7bc9f) Importer(815301076,1909f56bfc062723c751e8b465ee728b)  -> (artifact id: '213a2aa4dcd5cac033f8acbab8503a92') in 0.016105 seconds
Number of updated asset objects reloaded before import = 0
Number of asset objects unloaded after import = 3
========================================================================
Received Import Request.
  Time since last request: 0.000040 seconds.
  path: Assets/Textures/SpriteItem/Chestplate/icons_14_07.png
  artifactKey: Guid(1bf361a62dd346d4ba4b13cfd52d3f26) Importer(815301076,1909f56bfc062723c751e8b465ee728b)
Start importing Assets/Textures/SpriteItem/Chestplate/icons_14_07.png using Guid(1bf361a62dd346d4ba4b13cfd52d3f26) Importer(815301076,1909f56bfc062723c751e8b465ee728b)  -> (artifact id: 'f81bbb4c3687cfb8ac32163c441bf5c4') in 0.017676 seconds
Number of updated asset objects reloaded before import = 0
Number of asset objects unloaded after import = 3
========================================================================
Received Import Request.
  Time since last request: 0.000068 seconds.
  path: Assets/Textures/SpriteItem/Chestplate/icons_14_01.png
  artifactKey: Guid(f4a9404ed2d97a849986c82414d2475c) Importer(815301076,1909f56bfc062723c751e8b465ee728b)
Start importing Assets/Textures/SpriteItem/Chestplate/icons_14_01.png using Guid(f4a9404ed2d97a849986c82414d2475c) Importer(815301076,1909f56bfc062723c751e8b465ee728b)  -> (artifact id: '6fc38cf1e0820a0a53c95ebabfe06641') in 0.025393 seconds
Number of updated asset objects reloaded before import = 0
Number of asset objects unloaded after import = 3
========================================================================
Received Import Request.
  Time since last request: 0.000033 seconds.
  path: Assets/Textures/SpriteItem/Chestplate/icons_14_05.png
  artifactKey: Guid(b347c19d6bd0fd442928a70ae0358409) Importer(815301076,1909f56bfc062723c751e8b465ee728b)
Start importing Assets/Textures/SpriteItem/Chestplate/icons_14_05.png using Guid(b347c19d6bd0fd442928a70ae0358409) Importer(815301076,1909f56bfc062723c751e8b465ee728b)  -> (artifact id: '1bec575a6233ca8ba1f480d3a1c258f1') in 0.014711 seconds
Number of updated asset objects reloaded before import = 0
Number of asset objects unloaded after import = 3
========================================================================
Received Import Request.
  Time since last request: 0.000400 seconds.
  path: Assets/Textures/SpriteItem/Chestplate/icons_14_12.png
  artifactKey: Guid(b48fda8ae66054648800c2693b64d1c6) Importer(815301076,1909f56bfc062723c751e8b465ee728b)
Start importing Assets/Textures/SpriteItem/Chestplate/icons_14_12.png using Guid(b48fda8ae66054648800c2693b64d1c6) Importer(815301076,1909f56bfc062723c751e8b465ee728b)  -> (artifact id: 'f0dbc7c4e65f3c67331a3189009484ae') in 0.016494 seconds
Number of updated asset objects reloaded before import = 0
Number of asset objects unloaded after import = 3
========================================================================
Received Import Request.
  Time since last request: 0.000020 seconds.
  path: Assets/Textures/SpriteItem/Chestplate/icons_14_22.png
  artifactKey: Guid(3ad5ed492061549408994540bf8ff707) Importer(815301076,1909f56bfc062723c751e8b465ee728b)
Start importing Assets/Textures/SpriteItem/Chestplate/icons_14_22.png using Guid(3ad5ed492061549408994540bf8ff707) Importer(815301076,1909f56bfc062723c751e8b465ee728b)  -> (artifact id: '319664cbbdf2f9a65045416c8e74509e') in 0.015458 seconds
Number of updated asset objects reloaded before import = 0
Number of asset objects unloaded after import = 3
========================================================================
Received Import Request.
  Time since last request: 0.000047 seconds.
  path: Assets/Textures/SpriteItem/Chestplate/icons_14_16.png
  artifactKey: Guid(8c3d4a3aed0a12d4cb146bdaf30069df) Importer(815301076,1909f56bfc062723c751e8b465ee728b)
Start importing Assets/Textures/SpriteItem/Chestplate/icons_14_16.png using Guid(8c3d4a3aed0a12d4cb146bdaf30069df) Importer(815301076,1909f56bfc062723c751e8b465ee728b)  -> (artifact id: '2f76bca16d7ef908b57846596be628b3') in 0.025144 seconds
Number of updated asset objects reloaded before import = 0
Number of asset objects unloaded after import = 3
========================================================================
Received Import Request.
  Time since last request: 0.000020 seconds.
  path: Assets/Textures/SpriteItem/Chestplate/icons_14_14.png
  artifactKey: Guid(2186b809ea7f4c9459aff73ffac645c1) Importer(815301076,1909f56bfc062723c751e8b465ee728b)
Start importing Assets/Textures/SpriteItem/Chestplate/icons_14_14.png using Guid(2186b809ea7f4c9459aff73ffac645c1) Importer(815301076,1909f56bfc062723c751e8b465ee728b)  -> (artifact id: '66afa4629957241fdf81f5280aa22d7c') in 0.020755 seconds
Number of updated asset objects reloaded before import = 0
Number of asset objects unloaded after import = 3
========================================================================
Received Import Request.
  Time since last request: 0.171276 seconds.
  path: Assets/Textures/SpriteItem/Chestplate/icons_14_29.png
  artifactKey: Guid(7cc539a81ecfbd3418b141831c961951) Importer(815301076,1909f56bfc062723c751e8b465ee728b)
Start importing Assets/Textures/SpriteItem/Chestplate/icons_14_29.png using Guid(7cc539a81ecfbd3418b141831c961951) Importer(815301076,1909f56bfc062723c751e8b465ee728b)  -> (artifact id: 'efecb6256b1ba9e9e2abba24f964b0d1') in 0.010609 seconds
Number of updated asset objects reloaded before import = 0
Number of asset objects unloaded after import = 3
========================================================================
Received Import Request.
  Time since last request: 0.000017 seconds.
  path: Assets/Textures/SpriteItem/Chestplate/icons_14_37.png
  artifactKey: Guid(94930348302f3bc4997ab9d2b26777c8) Importer(815301076,1909f56bfc062723c751e8b465ee728b)
Start importing Assets/Textures/SpriteItem/Chestplate/icons_14_37.png using Guid(94930348302f3bc4997ab9d2b26777c8) Importer(815301076,1909f56bfc062723c751e8b465ee728b)  -> (artifact id: '2a8b1282581b356b4c48d3c2d471f294') in 0.014000 seconds
Number of updated asset objects reloaded before import = 0
Number of asset objects unloaded after import = 3
========================================================================
Received Import Request.
  Time since last request: 0.000047 seconds.
  path: Assets/Textures/SpriteItem/Chestplate/icons_14_30.png
  artifactKey: Guid(31017550b91d25b4490855440f0530d8) Importer(815301076,1909f56bfc062723c751e8b465ee728b)
Start importing Assets/Textures/SpriteItem/Chestplate/icons_14_30.png using Guid(31017550b91d25b4490855440f0530d8) Importer(815301076,1909f56bfc062723c751e8b465ee728b)  -> (artifact id: 'f6a8156d49331f204e7e7c05e09a281f') in 0.015833 seconds
Number of updated asset objects reloaded before import = 0
Number of asset objects unloaded after import = 3
========================================================================
Received Import Request.
  Time since last request: 0.000021 seconds.
  path: Assets/Textures/SpriteItem/Chestplate/icons_14_42.png
  artifactKey: Guid(4caf501345dbb0042941407d41be08c4) Importer(815301076,1909f56bfc062723c751e8b465ee728b)
Start importing Assets/Textures/SpriteItem/Chestplate/icons_14_42.png using Guid(4caf501345dbb0042941407d41be08c4) Importer(815301076,1909f56bfc062723c751e8b465ee728b)  -> (artifact id: 'ca1b7f3cba71be80c6350e01f3479eac') in 0.020582 seconds
Number of updated asset objects reloaded before import = 0
Number of asset objects unloaded after import = 3
========================================================================
Received Import Request.
  Time since last request: 0.000032 seconds.
  path: Assets/Textures/SpriteItem/Chestplate/icons_14_40.png
  artifactKey: Guid(93e71223cc3f49a4ca9867cdaa28cb29) Importer(815301076,1909f56bfc062723c751e8b465ee728b)
Start importing Assets/Textures/SpriteItem/Chestplate/icons_14_40.png using Guid(93e71223cc3f49a4ca9867cdaa28cb29) Importer(815301076,1909f56bfc062723c751e8b465ee728b)  -> (artifact id: '5a0ce460ac6694a01a74943870321705') in 0.011188 seconds
Number of updated asset objects reloaded before import = 0
Number of asset objects unloaded after import = 3
========================================================================
Received Import Request.
  Time since last request: 0.000017 seconds.
  path: Assets/Textures/SpriteItem/Chestplate/icons_14_50.png
  artifactKey: Guid(118c95db5c1f69d43ae2641b517c44eb) Importer(815301076,1909f56bfc062723c751e8b465ee728b)
Start importing Assets/Textures/SpriteItem/Chestplate/icons_14_50.png using Guid(118c95db5c1f69d43ae2641b517c44eb) Importer(815301076,1909f56bfc062723c751e8b465ee728b)  -> (artifact id: '3381b3cae8343222580a16091809196c') in 0.019048 seconds
Number of updated asset objects reloaded before import = 0
Number of asset objects unloaded after import = 3
========================================================================
Received Import Request.
  Time since last request: 0.000023 seconds.
  path: Assets/Textures/SpriteItem/Chestplate/icons_14_55.png
  artifactKey: Guid(2255f33e084471044bced9adbf176eaf) Importer(815301076,1909f56bfc062723c751e8b465ee728b)
Start importing Assets/Textures/SpriteItem/Chestplate/icons_14_55.png using Guid(2255f33e084471044bced9adbf176eaf) Importer(815301076,1909f56bfc062723c751e8b465ee728b)  -> (artifact id: 'c66e8cc2cd3c1d7763f6f4c0764061a8') in 0.016286 seconds
Number of updated asset objects reloaded before import = 0
Number of asset objects unloaded after import = 3
========================================================================
Received Import Request.
  Time since last request: 0.000031 seconds.
  path: Assets/Textures/SpriteItem/Chestplate/icons_14_64.png
  artifactKey: Guid(9223796e46b913d468e19de91dd52a4f) Importer(815301076,1909f56bfc062723c751e8b465ee728b)
Start importing Assets/Textures/SpriteItem/Chestplate/icons_14_64.png using Guid(9223796e46b913d468e19de91dd52a4f) Importer(815301076,1909f56bfc062723c751e8b465ee728b)  -> (artifact id: 'aac3de71a57f42e4924faacd3d91b51d') in 0.016686 seconds
Number of updated asset objects reloaded before import = 0
Number of asset objects unloaded after import = 3
========================================================================
Received Import Request.
  Time since last request: 0.000019 seconds.
  path: Assets/Textures/SpriteItem/Chestplate/icons_14_51.png
  artifactKey: Guid(cbc6bbb0d7fd6fe438742b7909eb3250) Importer(815301076,1909f56bfc062723c751e8b465ee728b)
Start importing Assets/Textures/SpriteItem/Chestplate/icons_14_51.png using Guid(cbc6bbb0d7fd6fe438742b7909eb3250) Importer(815301076,1909f56bfc062723c751e8b465ee728b)  -> (artifact id: '896dcf84bed33536766801c937a685ba') in 0.023789 seconds
Number of updated asset objects reloaded before import = 0
Number of asset objects unloaded after import = 3
========================================================================
Received Import Request.
  Time since last request: 0.000025 seconds.
  path: Assets/Textures/SpriteItem/Chestplate/icons_14_69.png
  artifactKey: Guid(dafd9b022dba784489b18410efc85142) Importer(815301076,1909f56bfc062723c751e8b465ee728b)
Start importing Assets/Textures/SpriteItem/Chestplate/icons_14_69.png using Guid(dafd9b022dba784489b18410efc85142) Importer(815301076,1909f56bfc062723c751e8b465ee728b)  -> (artifact id: 'addcc94ddd3c8d702c75c0c658354693') in 0.018204 seconds
Number of updated asset objects reloaded before import = 0
Number of asset objects unloaded after import = 3
========================================================================
Received Import Request.
  Time since last request: 0.000022 seconds.
  path: Assets/Textures/SpriteItem/Chestplate/icons_14_71.png
  artifactKey: Guid(a65335847c46a2e458f789d01ed23bc8) Importer(815301076,1909f56bfc062723c751e8b465ee728b)
Start importing Assets/Textures/SpriteItem/Chestplate/icons_14_71.png using Guid(a65335847c46a2e458f789d01ed23bc8) Importer(815301076,1909f56bfc062723c751e8b465ee728b)  -> (artifact id: 'f9dddb5151ccaad934bb67de5390d468') in 0.019051 seconds
Number of updated asset objects reloaded before import = 0
Number of asset objects unloaded after import = 3
========================================================================
Received Import Request.
  Time since last request: 0.000014 seconds.
  path: Assets/Textures/SpriteItem/Chestplate/icons_14_56.png
  artifactKey: Guid(9b6f03efac175c6488324876f80883cf) Importer(815301076,1909f56bfc062723c751e8b465ee728b)
Start importing Assets/Textures/SpriteItem/Chestplate/icons_14_56.png using Guid(9b6f03efac175c6488324876f80883cf) Importer(815301076,1909f56bfc062723c751e8b465ee728b)  -> (artifact id: 'c61a24b98bcfc47d30030194c2b4f2b0') in 0.019286 seconds
Number of updated asset objects reloaded before import = 0
Number of asset objects unloaded after import = 3
========================================================================
Received Import Request.
  Time since last request: 0.000023 seconds.
  path: Assets/Textures/SpriteItem/Chestplate/icons_14_73.png
  artifactKey: Guid(9ca8ccfe89a72f24cb41ac0f246a210f) Importer(815301076,1909f56bfc062723c751e8b465ee728b)
Start importing Assets/Textures/SpriteItem/Chestplate/icons_14_73.png using Guid(9ca8ccfe89a72f24cb41ac0f246a210f) Importer(815301076,1909f56bfc062723c751e8b465ee728b)  -> (artifact id: '4eed82aacab3bb974e1ea6565963ac7d') in 0.020868 seconds
Number of updated asset objects reloaded before import = 0
Number of asset objects unloaded after import = 3
========================================================================
Received Import Request.
  Time since last request: 0.177659 seconds.
  path: Assets/Textures/SpriteItem/Chestplate/icons_14_80.png
  artifactKey: Guid(1629b0afd1c56eb49bb77e9f5d92a1f2) Importer(815301076,1909f56bfc062723c751e8b465ee728b)
Start importing Assets/Textures/SpriteItem/Chestplate/icons_14_80.png using Guid(1629b0afd1c56eb49bb77e9f5d92a1f2) Importer(815301076,1909f56bfc062723c751e8b465ee728b)  -> (artifact id: '368665a8721238d86f4d94caa50f5e48') in 0.011011 seconds
Number of updated asset objects reloaded before import = 0
Number of asset objects unloaded after import = 3
========================================================================
Received Import Request.
  Time since last request: 0.000019 seconds.
  path: Assets/Textures/SpriteItem/Chestplate/icons_14_85.png
  artifactKey: Guid(d2a437f98761f3b41af194c20b944bd1) Importer(815301076,1909f56bfc062723c751e8b465ee728b)
Start importing Assets/Textures/SpriteItem/Chestplate/icons_14_85.png using Guid(d2a437f98761f3b41af194c20b944bd1) Importer(815301076,1909f56bfc062723c751e8b465ee728b)  -> (artifact id: '1f86c4bb71c5a0934bf419bcc71b03fd') in 0.014265 seconds
Number of updated asset objects reloaded before import = 0
Number of asset objects unloaded after import = 3
========================================================================
Received Import Request.
  Time since last request: 0.000016 seconds.
  path: Assets/Textures/SpriteItem/Chestplate/icons_14_87.png
  artifactKey: Guid(bfeda969501f0f34483c507f58076e25) Importer(815301076,1909f56bfc062723c751e8b465ee728b)
Start importing Assets/Textures/SpriteItem/Chestplate/icons_14_87.png using Guid(bfeda969501f0f34483c507f58076e25) Importer(815301076,1909f56bfc062723c751e8b465ee728b)  -> (artifact id: 'c0a21a0a2401df199697d080c3f262ca') in 0.014749 seconds
Number of updated asset objects reloaded before import = 0
Number of asset objects unloaded after import = 3
========================================================================
Received Import Request.
  Time since last request: 0.000014 seconds.
  path: Assets/Textures/SpriteItem/Chestplate/icons_14_90.png
  artifactKey: Guid(806a9e76963ee5b48b364975f838d9fa) Importer(815301076,1909f56bfc062723c751e8b465ee728b)
Start importing Assets/Textures/SpriteItem/Chestplate/icons_14_90.png using Guid(806a9e76963ee5b48b364975f838d9fa) Importer(815301076,1909f56bfc062723c751e8b465ee728b)  -> (artifact id: '45f234b3d7b81174fbb0a297964dc7c6') in 0.023106 seconds
Number of updated asset objects reloaded before import = 0
Number of asset objects unloaded after import = 3
========================================================================
Received Import Request.
  Time since last request: 0.000084 seconds.
  path: Assets/Textures/SpriteItem/Chestplate/icons_14_94.png
  artifactKey: Guid(c60f6a1c950e322439f7ecc450c18311) Importer(815301076,1909f56bfc062723c751e8b465ee728b)
Start importing Assets/Textures/SpriteItem/Chestplate/icons_14_94.png using Guid(c60f6a1c950e322439f7ecc450c18311) Importer(815301076,1909f56bfc062723c751e8b465ee728b)  -> (artifact id: '07010e5319ec0d0c4c8c5525e1ea918b') in 0.015986 seconds
Number of updated asset objects reloaded before import = 0
Number of asset objects unloaded after import = 3
========================================================================
Received Import Request.
  Time since last request: 0.000015 seconds.
  path: Assets/Textures/SpriteItem/Chestplate/Iicons_7_10.png
  artifactKey: Guid(d9aab3bd14324734983b539e70a62004) Importer(815301076,1909f56bfc062723c751e8b465ee728b)
Start importing Assets/Textures/SpriteItem/Chestplate/Iicons_7_10.png using Guid(d9aab3bd14324734983b539e70a62004) Importer(815301076,1909f56bfc062723c751e8b465ee728b)  -> (artifact id: '73b6d14ddec3fe000a2eaae0a2230470') in 0.011910 seconds
Number of updated asset objects reloaded before import = 0
Number of asset objects unloaded after import = 3
========================================================================
Received Import Request.
  Time since last request: 0.000028 seconds.
  path: Assets/Textures/SpriteItem/Chestplate/Iicons_7_01.png
  artifactKey: Guid(b77aad5d319abae449910f7f63ae0121) Importer(815301076,1909f56bfc062723c751e8b465ee728b)
Start importing Assets/Textures/SpriteItem/Chestplate/Iicons_7_01.png using Guid(b77aad5d319abae449910f7f63ae0121) Importer(815301076,1909f56bfc062723c751e8b465ee728b)  -> (artifact id: '3664fbbf2ce7f9618802fd6635d96f56') in 0.019981 seconds
Number of updated asset objects reloaded before import = 0
Number of asset objects unloaded after import = 3
========================================================================
Received Import Request.
  Time since last request: 0.000034 seconds.
  path: Assets/Textures/SpriteItem/Chestplate/Iicons_7_06.png
  artifactKey: Guid(3019f0819f06a8445abb264b633185a1) Importer(815301076,1909f56bfc062723c751e8b465ee728b)
Start importing Assets/Textures/SpriteItem/Chestplate/Iicons_7_06.png using Guid(3019f0819f06a8445abb264b633185a1) Importer(815301076,1909f56bfc062723c751e8b465ee728b)  -> (artifact id: '1c2439fc6de7cbd6de342aef4234c2b0') in 0.021008 seconds
Number of updated asset objects reloaded before import = 0
Number of asset objects unloaded after import = 3
========================================================================
Received Import Request.
  Time since last request: 0.000053 seconds.
  path: Assets/Textures/SpriteItem/Chestplate/icons_14_83.png
  artifactKey: Guid(b9d9e5eb703aa5441a771c5e946cf51d) Importer(815301076,1909f56bfc062723c751e8b465ee728b)
Start importing Assets/Textures/SpriteItem/Chestplate/icons_14_83.png using Guid(b9d9e5eb703aa5441a771c5e946cf51d) Importer(815301076,1909f56bfc062723c751e8b465ee728b)  -> (artifact id: '24679eec986c7b3e8cbdf316459d8047') in 0.018667 seconds
Number of updated asset objects reloaded before import = 0
Number of asset objects unloaded after import = 3
========================================================================
Received Import Request.
  Time since last request: 74.359797 seconds.
  path: Assets/Textures/Sprites/Pixel Paper v1.0/1 Sprites/Sprites/4 Paper Pack/Papers/1.png
  artifactKey: Guid(f65d44df25b825647b38a8fb3c6279a0) Importer(815301076,1909f56bfc062723c751e8b465ee728b)
Start importing Assets/Textures/Sprites/Pixel Paper v1.0/1 Sprites/Sprites/4 Paper Pack/Papers/1.png using Guid(f65d44df25b825647b38a8fb3c6279a0) Importer(815301076,1909f56bfc062723c751e8b465ee728b)  -> (artifact id: '832378b5a346df5fba81e24d8665fdd5') in 0.009457 seconds
Number of updated asset objects reloaded before import = 0
Number of asset objects unloaded after import = 3
========================================================================
Received Import Request.
  Time since last request: 0.025122 seconds.
  path: Assets/Textures/Sprites/Free Paper UI System/1 Sprites/Content/5 Holders/1.png
  artifactKey: Guid(90660968efe1fc244a98b6aefa3894ba) Importer(815301076,1909f56bfc062723c751e8b465ee728b)
Start importing Assets/Textures/Sprites/Free Paper UI System/1 Sprites/Content/5 Holders/1.png using Guid(90660968efe1fc244a98b6aefa3894ba) Importer(815301076,1909f56bfc062723c751e8b465ee728b)  -> (artifact id: 'eeaffd83c7664ed1dab98ab4d1eca1d8') in 0.018635 seconds
Number of updated asset objects reloaded before import = 0
Number of asset objects unloaded after import = 3
========================================================================
Received Import Request.
  Time since last request: 0.000020 seconds.
  path: Assets/Textures/Sprites/Free Paper UI System/1 Sprites/Paper UI Pack/Paper UI/Folding & Cutout/5 Mini Map/1.png
  artifactKey: Guid(422451c0eb3ec1947aecf8293f712069) Importer(815301076,1909f56bfc062723c751e8b465ee728b)
Start importing Assets/Textures/Sprites/Free Paper UI System/1 Sprites/Paper UI Pack/Paper UI/Folding & Cutout/5 Mini Map/1.png using Guid(422451c0eb3ec1947aecf8293f712069) Importer(815301076,1909f56bfc062723c751e8b465ee728b)  -> (artifact id: '13eec837ef87033dd95eba20be918f7c') in 0.012032 seconds
Number of updated asset objects reloaded before import = 0
Number of asset objects unloaded after import = 3
========================================================================
Received Import Request.
  Time since last request: 0.000018 seconds.
  path: Assets/Textures/Sprites/Free Paper UI System/1 Sprites/Content/6 High lighter/1.png
  artifactKey: Guid(2cc11a621fbb5e84d8e12a7196158ddb) Importer(815301076,1909f56bfc062723c751e8b465ee728b)
Start importing Assets/Textures/Sprites/Free Paper UI System/1 Sprites/Content/6 High lighter/1.png using Guid(2cc11a621fbb5e84d8e12a7196158ddb) Importer(815301076,1909f56bfc062723c751e8b465ee728b)  -> (artifact id: '0a8cb7ae18d99638997f7b6216300061') in 0.016824 seconds
Number of updated asset objects reloaded before import = 0
Number of asset objects unloaded after import = 3
========================================================================
Received Prepare
Begin MonoManager ReloadAssembly
Symbol file LoadedFromMemory doesn't match image C:\Users\Utilisateur\Documents\ProjetS2\100 Days To survive\Library\PackageCache\com.unity.visualscripting@1.8.0\Editor\VisualScripting.Core\Dependencies\YamlDotNet\Unity.VisualScripting.YamlDotNet.dll
Symbol file LoadedFromMemory doesn't match image C:\Users\Utilisateur\Documents\ProjetS2\100 Days To survive\Library\PackageCache\com.unity.visualscripting@1.8.0\Editor\VisualScripting.Core\Dependencies\DotNetZip\Unity.VisualScripting.IonicZip.dll
- Loaded All Assemblies, in  0.535 seconds
Refreshing native plugins compatible for Editor in 4.38 ms, found 4 plugins.
Native extension for WindowsStandalone target not found
Native extension for Android target not found
Native extension for WebGL target not found
Mono: successfully reloaded assembly
- Finished resetting the current domain, in  0.797 seconds
Domain Reload Profiling: 1330ms
	BeginReloadAssembly (193ms)
		ExecutionOrderSort (0ms)
		DisableScriptedObjects (13ms)
		BackupInstance (0ms)
		ReleaseScriptingObjects (0ms)
		CreateAndSetChildDomain (49ms)
	RebuildCommonClasses (29ms)
	RebuildNativeTypeToScriptingClass (12ms)
	initialDomainReloadingComplete (23ms)
	LoadAllAssembliesAndSetupDomain (276ms)
		LoadAssemblies (356ms)
		RebuildTransferFunctionScriptingTraits (0ms)
		AnalyzeDomain (24ms)
			TypeCache.Refresh (16ms)
				TypeCache.ScanAssembly (0ms)
			ScanForSourceGeneratedMonoScriptInfo (0ms)
			ResolveRequiredComponents (7ms)
	FinalizeReload (797ms)
		ReleaseScriptCaches (0ms)
		RebuildScriptCaches (0ms)
		SetupLoadedEditorAssemblies (283ms)
			LogAssemblyErrors (0ms)
			InitializePlatformSupportModulesInManaged (20ms)
			SetLoadedEditorAssemblies (4ms)
			RefreshPlugins (0ms)
			BeforeProcessingInitializeOnLoad (56ms)
			ProcessInitializeOnLoadAttributes (175ms)
			ProcessInitializeOnLoadMethodAttributes (26ms)
			AfterProcessingInitializeOnLoad (2ms)
			EditorAssembliesLoaded (0ms)
		ExecutionOrderSort2 (0ms)
		AwakeInstancesAfterBackupRestoration (10ms)
Refreshing native plugins compatible for Editor in 3.74 ms, found 4 plugins.
Preloading 0 native plugins for Editor in 0.00 ms.
Unloading 4045 Unused Serialized files (Serialized files now loaded: 0)
Unloading 41 unused Assets / (217.7 KB). Loaded Objects now: 4545.
Memory consumption went from 145.6 MB to 145.4 MB.
Total: 3.298500 ms (FindLiveObjects: 0.252600 ms CreateObjectMapping: 0.079200 ms MarkObjects: 2.790800 ms  DeleteObjects: 0.174600 ms)

Prepare: number of updated asset objects reloaded= 0
AssetImportParameters requested are different than current active one (requested -> active):
  custom:container-demuxer-ogg: 62fdf1f143b41e24485cea50d1cbac27 -> 
  custom:video-codec-MediaFoundation-h265: 746d11721c4dcdbdad8f713fa42b33f4 -> 
  custom:video-decoder-ogg-theora: a1e56fd34408186e4bbccfd4996cb3dc -> 
  custom:framework-win-MediaFoundation: 216162199b28c13a410421893ffa2e32 -> 
  custom:CustomObjectIndexerAttribute: 756ad292c208cfabdd7b50bc23989ffe -> 
  custom:container-demuxer-webm: 4f35f7cbe854078d1ac9338744f61a02 -> 
  custom:container-muxer-webm: aa71ff27fc2769a1b78a27578f13a17b -> 
  custom:video-decoder-webm-vp8: 9c59270c3fd7afecdb556c50c9e8de78 -> 
  custom:SearchIndexIgnoredProperties: e643bd26f0fe6173181afceb89e7c659 -> 
  custom:AudioImporter_EditorPlatform: d09bf68614088b80899f8185d706f6e7 -> 
  custom:video-encoder-webm-vp8: eb34c28f22e8b96e1ab97ce403110664 -> 
  custom:audio-decoder-ogg-vorbis: bf7c407c2cedff20999df2af8eb42d56 -> 
  custom:audio-encoder-webm-vorbis: bf7c407c2cedff20999df2af8eb42d56 -> 
