Using pre-set license
Built from '2022.3/staging' branch; Version is '2022.3.7f1 (b16b3b16c7a0) revision 11627323'; Using compiler version '192829333'; Build Type 'Release'
OS: 'Windows 11  (10.0.22631) 64bit Core' Language: 'fr' Physical Memory: 16122 MB
BatchMode: 1, IsHumanControllingUs: 0, StartBugReporterOnCrash: 0, Is64bit: 1, IsPro: 1

COMMAND LINE ARGUMENTS:
D:\2022.3.7f1\Editor\Unity.exe
-adb2
-batchMode
-noUpm
-name
AssetImportWorker3
-projectPath
C:/Users/Utilisateur/Documents/ProjetS2/100 Days To survive
-logFile
Logs/AssetImportWorker3.log
-srvPort
53198
Successfully changed project path to: C:/Users/Utilisateur/Documents/ProjetS2/100 Days To survive
C:/Users/Utilisateur/Documents/ProjetS2/100 Days To survive
[UnityMemory] Configuration Parameters - Can be set up in boot.config
    "memorysetup-bucket-allocator-granularity=16"
    "memorysetup-bucket-allocator-bucket-count=8"
    "memorysetup-bucket-allocator-block-size=33554432"
    "memorysetup-bucket-allocator-block-count=8"
    "memorysetup-main-allocator-block-size=16777216"
    "memorysetup-thread-allocator-block-size=16777216"
    "memorysetup-gfx-main-allocator-block-size=16777216"
    "memorysetup-gfx-thread-allocator-block-size=16777216"
    "memorysetup-cache-allocator-block-size=4194304"
    "memorysetup-typetree-allocator-block-size=2097152"
    "memorysetup-profiler-bucket-allocator-granularity=16"
    "memorysetup-profiler-bucket-allocator-bucket-count=8"
    "memorysetup-profiler-bucket-allocator-block-size=33554432"
    "memorysetup-profiler-bucket-allocator-block-count=8"
    "memorysetup-profiler-allocator-block-size=16777216"
    "memorysetup-profiler-editor-allocator-block-size=1048576"
    "memorysetup-temp-allocator-size-main=16777216"
    "memorysetup-job-temp-allocator-block-size=2097152"
    "memorysetup-job-temp-allocator-block-size-background=1048576"
    "memorysetup-job-temp-allocator-reduction-small-platforms=262144"
    "memorysetup-allocator-temp-initial-block-size-main=262144"
    "memorysetup-allocator-temp-initial-block-size-worker=262144"
    "memorysetup-temp-allocator-size-background-worker=32768"
    "memorysetup-temp-allocator-size-job-worker=262144"
    "memorysetup-temp-allocator-size-preload-manager=33554432"
    "memorysetup-temp-allocator-size-nav-mesh-worker=65536"
    "memorysetup-temp-allocator-size-audio-worker=65536"
    "memorysetup-temp-allocator-size-cloud-worker=32768"
    "memorysetup-temp-allocator-size-gi-baking-worker=262144"
    "memorysetup-temp-allocator-size-gfx=262144"
Player connection [167884] Host "[IP] 192.168.56.1 [Port] 0 [Flags] 2 [Guid] 574374624 [EditorId] 574374624 [Version] 1048832 [Id] WindowsEditor(7,LAPTOP-ET774ROT) [Debug] 1 [PackageName] WindowsEditor [ProjectName] Editor" joined multi-casting on [225.0.0.222:54997]...

Player connection [167884] Host "[IP] 192.168.56.1 [Port] 0 [Flags] 2 [Guid] 574374624 [EditorId] 574374624 [Version] 1048832 [Id] WindowsEditor(7,LAPTOP-ET774ROT) [Debug] 1 [PackageName] WindowsEditor [ProjectName] Editor" joined alternative multi-casting on [225.0.0.222:34997]...

Refreshing native plugins compatible for Editor in 46.57 ms, found 4 plugins.
Preloading 0 native plugins for Editor in 0.00 ms.
Initialize engine version: 2022.3.7f1 (b16b3b16c7a0)
[Subsystems] Discovering subsystems at path D:/2022.3.7f1/Editor/Data/Resources/UnitySubsystems
[Subsystems] Discovering subsystems at path C:/Users/Utilisateur/Documents/ProjetS2/100 Days To survive/Assets
GfxDevice: creating device client; threaded=0; jobified=0
Direct3D:
    Version:  Direct3D 11.0 [level 11.1]
    Renderer: NVIDIA GeForce RTX 3060 Laptop GPU (ID=0x2520)
    Vendor:   NVIDIA
    VRAM:     6010 MB
    Driver:   31.0.15.4601
Initialize mono
Mono path[0] = 'D:/2022.3.7f1/Editor/Data/Managed'
Mono path[1] = 'D:/2022.3.7f1/Editor/Data/MonoBleedingEdge/lib/mono/unityjit-win32'
Mono config path = 'D:/2022.3.7f1/Editor/Data/MonoBleedingEdge/etc'
Using monoOptions --debugger-agent=transport=dt_socket,embedding=1,server=y,suspend=n,address=127.0.0.1:56804
Begin MonoManager ReloadAssembly
Registering precompiled unity dll's ...
Register platform support module: D:/2022.3.7f1/Editor/Data/PlaybackEngines/WebGLSupport/UnityEditor.WebGL.Extensions.dll
Register platform support module: D:/2022.3.7f1/Editor/Data/PlaybackEngines/AndroidPlayer/UnityEditor.Android.Extensions.dll
Register platform support module: D:/2022.3.7f1/Editor/Data/PlaybackEngines/WindowsStandaloneSupport/UnityEditor.WindowsStandalone.Extensions.dll
Registered in 0.004533 seconds.
- Loaded All Assemblies, in  0.477 seconds
Native extension for WindowsStandalone target not found
Native extension for Android target not found
Android Extension - Scanning For ADB Devices 461 ms
Native extension for WebGL target not found
Mono: successfully reloaded assembly
- Finished resetting the current domain, in  0.717 seconds
Domain Reload Profiling: 1194ms
	BeginReloadAssembly (102ms)
		ExecutionOrderSort (0ms)
		DisableScriptedObjects (0ms)
		BackupInstance (0ms)
		ReleaseScriptingObjects (0ms)
		CreateAndSetChildDomain (1ms)
	RebuildCommonClasses (99ms)
	RebuildNativeTypeToScriptingClass (8ms)
	initialDomainReloadingComplete (37ms)
	LoadAllAssembliesAndSetupDomain (231ms)
		LoadAssemblies (102ms)
		RebuildTransferFunctionScriptingTraits (0ms)
		AnalyzeDomain (229ms)
			TypeCache.Refresh (227ms)
				TypeCache.ScanAssembly (216ms)
			ScanForSourceGeneratedMonoScriptInfo (0ms)
			ResolveRequiredComponents (0ms)
	FinalizeReload (717ms)
		ReleaseScriptCaches (0ms)
		RebuildScriptCaches (0ms)
		SetupLoadedEditorAssemblies (672ms)
			LogAssemblyErrors (0ms)
			InitializePlatformSupportModulesInManaged (560ms)
			SetLoadedEditorAssemblies (3ms)
			RefreshPlugins (0ms)
			BeforeProcessingInitializeOnLoad (2ms)
			ProcessInitializeOnLoadAttributes (72ms)
			ProcessInitializeOnLoadMethodAttributes (36ms)
			AfterProcessingInitializeOnLoad (0ms)
			EditorAssembliesLoaded (0ms)
		ExecutionOrderSort2 (0ms)
		AwakeInstancesAfterBackupRestoration (0ms)
========================================================================
Worker process is ready to serve import requests
Begin MonoManager ReloadAssembly
Symbol file LoadedFromMemory doesn't match image C:\Users\Utilisateur\Documents\ProjetS2\100 Days To survive\Library\PackageCache\com.unity.visualscripting@1.8.0\Editor\VisualScripting.Core\Dependencies\YamlDotNet\Unity.VisualScripting.YamlDotNet.dll
Symbol file LoadedFromMemory doesn't match image C:\Users\Utilisateur\Documents\ProjetS2\100 Days To survive\Library\PackageCache\com.unity.visualscripting@1.8.0\Editor\VisualScripting.Core\Dependencies\DotNetZip\Unity.VisualScripting.IonicZip.dll
- Loaded All Assemblies, in  0.746 seconds
Refreshing native plugins compatible for Editor in 4.38 ms, found 4 plugins.
Native extension for WindowsStandalone target not found
Native extension for Android target not found
Native extension for WebGL target not found
Mono: successfully reloaded assembly
- Finished resetting the current domain, in  0.491 seconds
Domain Reload Profiling: 1235ms
	BeginReloadAssembly (159ms)
		ExecutionOrderSort (0ms)
		DisableScriptedObjects (6ms)
		BackupInstance (0ms)
		ReleaseScriptingObjects (0ms)
		CreateAndSetChildDomain (38ms)
	RebuildCommonClasses (25ms)
	RebuildNativeTypeToScriptingClass (8ms)
	initialDomainReloadingComplete (30ms)
	LoadAllAssembliesAndSetupDomain (522ms)
		LoadAssemblies (274ms)
		RebuildTransferFunctionScriptingTraits (0ms)
		AnalyzeDomain (331ms)
			TypeCache.Refresh (304ms)
				TypeCache.ScanAssembly (270ms)
			ScanForSourceGeneratedMonoScriptInfo (22ms)
			ResolveRequiredComponents (4ms)
	FinalizeReload (491ms)
		ReleaseScriptCaches (0ms)
		RebuildScriptCaches (0ms)
		SetupLoadedEditorAssemblies (320ms)
			LogAssemblyErrors (0ms)
			InitializePlatformSupportModulesInManaged (18ms)
			SetLoadedEditorAssemblies (4ms)
			RefreshPlugins (0ms)
			BeforeProcessingInitializeOnLoad (55ms)
			ProcessInitializeOnLoadAttributes (214ms)
			ProcessInitializeOnLoadMethodAttributes (27ms)
			AfterProcessingInitializeOnLoad (2ms)
			EditorAssembliesLoaded (0ms)
		ExecutionOrderSort2 (0ms)
		AwakeInstancesAfterBackupRestoration (6ms)
Launched and connected shader compiler UnityShaderCompiler.exe after 0.19 seconds
Refreshing native plugins compatible for Editor in 4.13 ms, found 4 plugins.
Preloading 0 native plugins for Editor in 0.00 ms.
Unloading 4068 Unused Serialized files (Serialized files now loaded: 0)
Unloading 63 unused Assets / (61.0 KB). Loaded Objects now: 4535.
Memory consumption went from 152.1 MB to 152.1 MB.
Total: 3.318800 ms (FindLiveObjects: 0.387200 ms CreateObjectMapping: 0.338200 ms MarkObjects: 2.470900 ms  DeleteObjects: 0.121500 ms)

AssetImportParameters requested are different than current active one (requested -> active):
  custom:container-demuxer-ogg: 62fdf1f143b41e24485cea50d1cbac27 -> 
  custom:video-codec-MediaFoundation-h265: 746d11721c4dcdbdad8f713fa42b33f4 -> 
  custom:video-decoder-ogg-theora: a1e56fd34408186e4bbccfd4996cb3dc -> 
  custom:framework-win-MediaFoundation: 216162199b28c13a410421893ffa2e32 -> 
  custom:CustomObjectIndexerAttribute: 756ad292c208cfabdd7b50bc23989ffe -> 
  custom:container-demuxer-webm: 4f35f7cbe854078d1ac9338744f61a02 -> 
  custom:container-muxer-webm: aa71ff27fc2769a1b78a27578f13a17b -> 
  custom:video-decoder-webm-vp8: 9c59270c3fd7afecdb556c50c9e8de78 -> 
  custom:SearchIndexIgnoredProperties: e643bd26f0fe6173181afceb89e7c659 -> 
  custom:AudioImporter_EditorPlatform: d09bf68614088b80899f8185d706f6e7 -> 
  custom:video-encoder-webm-vp8: eb34c28f22e8b96e1ab97ce403110664 -> 
  custom:audio-decoder-ogg-vorbis: bf7c407c2cedff20999df2af8eb42d56 -> 
  custom:audio-encoder-webm-vorbis: bf7c407c2cedff20999df2af8eb42d56 -> 
========================================================================
Received Import Request.
  Time since last request: 439985.780706 seconds.
  path: Assets/Textures/Sprites/16x16 RPG Item Pack/Item__04.png
  artifactKey: Guid(a28fa29fa5525454e93a0ca4e86f9e86) Importer(815301076,1909f56bfc062723c751e8b465ee728b)
Start importing Assets/Textures/Sprites/16x16 RPG Item Pack/Item__04.png using Guid(a28fa29fa5525454e93a0ca4e86f9e86) Importer(815301076,1909f56bfc062723c751e8b465ee728b)  -> (artifact id: '1dd84f77433212e5786cf65d3b9c4ca0') in 0.059785 seconds
Number of updated asset objects reloaded before import = 0
Number of asset objects unloaded after import = 3
========================================================================
Received Import Request.
  Time since last request: 0.000014 seconds.
  path: Assets/Textures/Sprites/16x16 RPG Item Pack/Item__14.png
  artifactKey: Guid(916b1701ec02bc9428f8f0c460e6091a) Importer(815301076,1909f56bfc062723c751e8b465ee728b)
Start importing Assets/Textures/Sprites/16x16 RPG Item Pack/Item__14.png using Guid(916b1701ec02bc9428f8f0c460e6091a) Importer(815301076,1909f56bfc062723c751e8b465ee728b)  -> (artifact id: 'a247dc89c379ea366c74b6f241002bea') in 0.010934 seconds
Number of updated asset objects reloaded before import = 0
Number of asset objects unloaded after import = 3
========================================================================
Received Import Request.
  Time since last request: 0.000018 seconds.
  path: Assets/Textures/Sprites/16x16 RPG Item Pack/Item__58.png
  artifactKey: Guid(38206146640982842b1517a863a791fd) Importer(815301076,1909f56bfc062723c751e8b465ee728b)
Start importing Assets/Textures/Sprites/16x16 RPG Item Pack/Item__58.png using Guid(38206146640982842b1517a863a791fd) Importer(815301076,1909f56bfc062723c751e8b465ee728b)  -> (artifact id: '794a787c48fb1bfeea8161cbd8780440') in 0.014630 seconds
Number of updated asset objects reloaded before import = 0
Number of asset objects unloaded after import = 3
========================================================================
Received Import Request.
  Time since last request: 0.000022 seconds.
  path: Assets/Textures/Sprites/16x16 RPG Item Pack/Item__34.png
  artifactKey: Guid(78d64f0dc735ecf43a4fd3553c6dcd9b) Importer(815301076,1909f56bfc062723c751e8b465ee728b)
Start importing Assets/Textures/Sprites/16x16 RPG Item Pack/Item__34.png using Guid(78d64f0dc735ecf43a4fd3553c6dcd9b) Importer(815301076,1909f56bfc062723c751e8b465ee728b)  -> (artifact id: '4973fb553be603f6317de8c6f2f23681') in 0.015998 seconds
Number of updated asset objects reloaded before import = 0
Number of asset objects unloaded after import = 3
========================================================================
Received Import Request.
  Time since last request: 0.000017 seconds.
  path: Assets/Textures/Sprites/16x16 RPG Item Pack/Item__15.png
  artifactKey: Guid(0cf4b77824a6cc548a4f3cb5da112461) Importer(815301076,1909f56bfc062723c751e8b465ee728b)
Start importing Assets/Textures/Sprites/16x16 RPG Item Pack/Item__15.png using Guid(0cf4b77824a6cc548a4f3cb5da112461) Importer(815301076,1909f56bfc062723c751e8b465ee728b)  -> (artifact id: '7f61389cd6a89fefbd99c14fb03437ff') in 0.009051 seconds
Number of updated asset objects reloaded before import = 0
Number of asset objects unloaded after import = 3
========================================================================
Received Import Request.
  Time since last request: 0.000012 seconds.
  path: Assets/Textures/Sprites/16x16 RPG Item Pack/Item__10.png
  artifactKey: Guid(96db7ec5f3fc53d45b3d4768e34ac3a5) Importer(815301076,1909f56bfc062723c751e8b465ee728b)
Start importing Assets/Textures/Sprites/16x16 RPG Item Pack/Item__10.png using Guid(96db7ec5f3fc53d45b3d4768e34ac3a5) Importer(815301076,1909f56bfc062723c751e8b465ee728b)  -> (artifact id: '300c2fc8f371f7ea8d0d234b7b387e5f') in 0.015763 seconds
Number of updated asset objects reloaded before import = 0
Number of asset objects unloaded after import = 3
========================================================================
Received Import Request.
  Time since last request: 0.000013 seconds.
  path: Assets/Textures/Sprites/16x16 RPG Item Pack/Item__54.png
  artifactKey: Guid(eb71dd10df715b94fb134ec464fb098b) Importer(815301076,1909f56bfc062723c751e8b465ee728b)
Start importing Assets/Textures/Sprites/16x16 RPG Item Pack/Item__54.png using Guid(eb71dd10df715b94fb134ec464fb098b) Importer(815301076,1909f56bfc062723c751e8b465ee728b)  -> (artifact id: '721142e9de84a6657ccc23e0bb0abbdc') in 0.008986 seconds
Number of updated asset objects reloaded before import = 0
Number of asset objects unloaded after import = 3
========================================================================
Received Import Request.
  Time since last request: 0.000013 seconds.
  path: Assets/Textures/Sprites/16x16 RPG Item Pack/Item__61.png
  artifactKey: Guid(11ffe93db44bc2842a5c82c5faf8f5dd) Importer(815301076,1909f56bfc062723c751e8b465ee728b)
Start importing Assets/Textures/Sprites/16x16 RPG Item Pack/Item__61.png using Guid(11ffe93db44bc2842a5c82c5faf8f5dd) Importer(815301076,1909f56bfc062723c751e8b465ee728b)  -> (artifact id: 'a4612446c32a4edef5c2686bf3a9723c') in 0.011579 seconds
Number of updated asset objects reloaded before import = 0
Number of asset objects unloaded after import = 3
========================================================================
Received Import Request.
  Time since last request: 0.000015 seconds.
  path: Assets/Textures/Sprites/16x16 RPG Item Pack/Item__16.png
  artifactKey: Guid(7c4b4edc92e4cc94fa4fa4c4fc7b49ee) Importer(815301076,1909f56bfc062723c751e8b465ee728b)
Start importing Assets/Textures/Sprites/16x16 RPG Item Pack/Item__16.png using Guid(7c4b4edc92e4cc94fa4fa4c4fc7b49ee) Importer(815301076,1909f56bfc062723c751e8b465ee728b)  -> (artifact id: 'c92ede71f0a52ba3867b684c4c8c5125') in 0.014113 seconds
Number of updated asset objects reloaded before import = 0
Number of asset objects unloaded after import = 3
========================================================================
Received Import Request.
  Time since last request: 0.000015 seconds.
  path: Assets/Textures/Sprites/16x16 RPG Item Pack/Item__39.png
  artifactKey: Guid(094b9417bea618f4bb4dd78f723b0ad5) Importer(815301076,1909f56bfc062723c751e8b465ee728b)
Start importing Assets/Textures/Sprites/16x16 RPG Item Pack/Item__39.png using Guid(094b9417bea618f4bb4dd78f723b0ad5) Importer(815301076,1909f56bfc062723c751e8b465ee728b)  -> (artifact id: 'f5eaed03ff2406fb8d43d12729ade6c2') in 0.010714 seconds
Number of updated asset objects reloaded before import = 0
Number of asset objects unloaded after import = 3
========================================================================
Received Import Request.
  Time since last request: 0.000016 seconds.
  path: Assets/Textures/Sprites/16x16 RPG Item Pack/Item__17.png
  artifactKey: Guid(6f9a99e10a3449144bfbfca8e4f664dd) Importer(815301076,1909f56bfc062723c751e8b465ee728b)
Start importing Assets/Textures/Sprites/16x16 RPG Item Pack/Item__17.png using Guid(6f9a99e10a3449144bfbfca8e4f664dd) Importer(815301076,1909f56bfc062723c751e8b465ee728b)  -> (artifact id: '7648be0243877f002a599b59ed424317') in 0.015127 seconds
Number of updated asset objects reloaded before import = 0
Number of asset objects unloaded after import = 3
========================================================================
Received Import Request.
  Time since last request: 0.000018 seconds.
  path: Assets/Textures/Sprites/16x16 RPG Item Pack/Item__45.png
  artifactKey: Guid(94648415eb9b8ce448ab9fd6aab9591d) Importer(815301076,1909f56bfc062723c751e8b465ee728b)
Start importing Assets/Textures/Sprites/16x16 RPG Item Pack/Item__45.png using Guid(94648415eb9b8ce448ab9fd6aab9591d) Importer(815301076,1909f56bfc062723c751e8b465ee728b)  -> (artifact id: '474f5e8a2bd766602ba84ce98c29bada') in 0.008852 seconds
Number of updated asset objects reloaded before import = 0
Number of asset objects unloaded after import = 3
========================================================================
Received Import Request.
  Time since last request: 0.670643 seconds.
  path: Assets/Textures/Sprites/16x16 RPG Item Pack/Item__65.png
  artifactKey: Guid(0b8be5bac35e4a543acfeb42666d0a27) Importer(815301076,1909f56bfc062723c751e8b465ee728b)
Start importing Assets/Textures/Sprites/16x16 RPG Item Pack/Item__65.png using Guid(0b8be5bac35e4a543acfeb42666d0a27) Importer(815301076,1909f56bfc062723c751e8b465ee728b)  -> (artifact id: '9b7054a5bc36d03b1314e54a6d290857') in 0.011163 seconds
Number of updated asset objects reloaded before import = 0
Number of asset objects unloaded after import = 3
========================================================================
Received Import Request.
  Time since last request: 0.000015 seconds.
  path: Assets/Textures/Sprites/16x16 RPG Item Pack/Item__68.png
  artifactKey: Guid(a939338888898fb4b9328f3e21963e3c) Importer(815301076,1909f56bfc062723c751e8b465ee728b)
Start importing Assets/Textures/Sprites/16x16 RPG Item Pack/Item__68.png using Guid(a939338888898fb4b9328f3e21963e3c) Importer(815301076,1909f56bfc062723c751e8b465ee728b)  -> (artifact id: 'a7fb6647521183da398fa6559dccb0d0') in 0.015042 seconds
Number of updated asset objects reloaded before import = 0
Number of asset objects unloaded after import = 3
========================================================================
Received Import Request.
  Time since last request: 0.000022 seconds.
  path: Assets/Textures/Sprites/16x16 RPG Item Pack/Preview.png
  artifactKey: Guid(217c53dce4663fa43872849353721d9a) Importer(815301076,1909f56bfc062723c751e8b465ee728b)
Start importing Assets/Textures/Sprites/16x16 RPG Item Pack/Preview.png using Guid(217c53dce4663fa43872849353721d9a) Importer(815301076,1909f56bfc062723c751e8b465ee728b)  -> (artifact id: '7a1a0da1ca17cdb4758a7c5af9dfa317') in 0.018081 seconds
Number of updated asset objects reloaded before import = 0
Number of asset objects unloaded after import = 3
========================================================================
Received Import Request.
  Time since last request: 4.266158 seconds.
  path: Assets/Textures/Sprites/Free Inventory/Inventory_select.png
  artifactKey: Guid(5ed276d209b51464890f857ba3e8596f) Importer(815301076,1909f56bfc062723c751e8b465ee728b)
Start importing Assets/Textures/Sprites/Free Inventory/Inventory_select.png using Guid(5ed276d209b51464890f857ba3e8596f) Importer(815301076,1909f56bfc062723c751e8b465ee728b)  -> (artifact id: '1c44cdfdc2836912e8f827095cfc9742') in 0.010506 seconds
Number of updated asset objects reloaded before import = 0
Number of asset objects unloaded after import = 3
========================================================================
Received Import Request.
  Time since last request: 0.000013 seconds.
  path: Assets/Textures/Sprites/Free Inventory/Inventory_style_01d.png
  artifactKey: Guid(4d1a4e4e5b9e73246a378385b7432893) Importer(815301076,1909f56bfc062723c751e8b465ee728b)
Start importing Assets/Textures/Sprites/Free Inventory/Inventory_style_01d.png using Guid(4d1a4e4e5b9e73246a378385b7432893) Importer(815301076,1909f56bfc062723c751e8b465ee728b)  -> (artifact id: 'b10ea5aa1ec01aca4eaa4fcb07977881') in 0.011290 seconds
Number of updated asset objects reloaded before import = 0
Number of asset objects unloaded after import = 3
========================================================================
Received Import Request.
  Time since last request: 0.000012 seconds.
  path: Assets/Textures/Sprites/Free Inventory/Inventory_style_03d.png
  artifactKey: Guid(f75193ba0f617544cb4a3a223042cf43) Importer(815301076,1909f56bfc062723c751e8b465ee728b)
Start importing Assets/Textures/Sprites/Free Inventory/Inventory_style_03d.png using Guid(f75193ba0f617544cb4a3a223042cf43) Importer(815301076,1909f56bfc062723c751e8b465ee728b)  -> (artifact id: 'db51ada8d5255b3eca35ec7dd398496f') in 0.010421 seconds
Number of updated asset objects reloaded before import = 0
Number of asset objects unloaded after import = 3
========================================================================
Received Import Request.
  Time since last request: 0.000012 seconds.
  path: Assets/Textures/Sprites/Free Inventory/Inventory_style_02b.png
  artifactKey: Guid(ac6dab4eb95614047b611f6e649c4a35) Importer(815301076,1909f56bfc062723c751e8b465ee728b)
Start importing Assets/Textures/Sprites/Free Inventory/Inventory_style_02b.png using Guid(ac6dab4eb95614047b611f6e649c4a35) Importer(815301076,1909f56bfc062723c751e8b465ee728b)  -> (artifact id: '6a2285ddad86e0c7fc0d35fb6215bfe7') in 0.011206 seconds
Number of updated asset objects reloaded before import = 0
Number of asset objects unloaded after import = 3
========================================================================
Received Import Request.
  Time since last request: 0.000014 seconds.
  path: Assets/Textures/Sprites/Free Inventory/Inventory_style_02a.png
  artifactKey: Guid(ee1418385ce206348a6a048bfa69c2fc) Importer(815301076,1909f56bfc062723c751e8b465ee728b)
Start importing Assets/Textures/Sprites/Free Inventory/Inventory_style_02a.png using Guid(ee1418385ce206348a6a048bfa69c2fc) Importer(815301076,1909f56bfc062723c751e8b465ee728b)  -> (artifact id: '987e026698be533da7f4f46f7095d76b') in 0.008089 seconds
Number of updated asset objects reloaded before import = 0
Number of asset objects unloaded after import = 3
========================================================================
Received Import Request.
  Time since last request: 8.007529 seconds.
  path: Assets/Textures/Sprites/Free Paper UI System/1 Sprites/Book Desk/4.png
  artifactKey: Guid(e7e6caf20b6aed743a202698c7c2a392) Importer(815301076,1909f56bfc062723c751e8b465ee728b)
Start importing Assets/Textures/Sprites/Free Paper UI System/1 Sprites/Book Desk/4.png using Guid(e7e6caf20b6aed743a202698c7c2a392) Importer(815301076,1909f56bfc062723c751e8b465ee728b)  -> (artifact id: '6ee35999f651e0ed4aa2537e50bac90c') in 0.022014 seconds
Number of updated asset objects reloaded before import = 0
Number of asset objects unloaded after import = 3
========================================================================
Received Import Request.
  Time since last request: 1.118107 seconds.
  path: Assets/Textures/Sprites/Free Paper UI System/1 Sprites/Content/4 Buttons/4.png
  artifactKey: Guid(103aef6ff78ca724586778d6d8e6013e) Importer(815301076,1909f56bfc062723c751e8b465ee728b)
Start importing Assets/Textures/Sprites/Free Paper UI System/1 Sprites/Content/4 Buttons/4.png using Guid(103aef6ff78ca724586778d6d8e6013e) Importer(815301076,1909f56bfc062723c751e8b465ee728b)  -> (artifact id: '2a97805bbfa3331e4262e7e0839f8202') in 0.010174 seconds
Number of updated asset objects reloaded before import = 0
Number of asset objects unloaded after import = 3
========================================================================
Received Import Request.
  Time since last request: 0.000014 seconds.
  path: Assets/Textures/Sprites/Free Paper UI System/1 Sprites/Content/4 Buttons/7.png
  artifactKey: Guid(a167231ec650d354d9bbe287221f4668) Importer(815301076,1909f56bfc062723c751e8b465ee728b)
Start importing Assets/Textures/Sprites/Free Paper UI System/1 Sprites/Content/4 Buttons/7.png using Guid(a167231ec650d354d9bbe287221f4668) Importer(815301076,1909f56bfc062723c751e8b465ee728b)  -> (artifact id: 'aceece1a2669f9b9a78a57f5465b43c3') in 0.009382 seconds
Number of updated asset objects reloaded before import = 0
Number of asset objects unloaded after import = 3
========================================================================
Received Import Request.
  Time since last request: 0.000030 seconds.
  path: Assets/Textures/Sprites/Free Paper UI System/1 Sprites/Content/4 Buttons/27.png
  artifactKey: Guid(19fa2ea426805d345ad4e8882a30f100) Importer(815301076,1909f56bfc062723c751e8b465ee728b)
Start importing Assets/Textures/Sprites/Free Paper UI System/1 Sprites/Content/4 Buttons/27.png using Guid(19fa2ea426805d345ad4e8882a30f100) Importer(815301076,1909f56bfc062723c751e8b465ee728b)  -> (artifact id: '75b1d5e7e55389a68ed1a7600b4f0b89') in 0.012553 seconds
Number of updated asset objects reloaded before import = 0
Number of asset objects unloaded after import = 3
========================================================================
Received Import Request.
  Time since last request: 0.000015 seconds.
  path: Assets/Textures/Sprites/Free Paper UI System/1 Sprites/Content/4 Buttons/20.png
  artifactKey: Guid(e801e5b468376964eba899e80cfd9612) Importer(815301076,1909f56bfc062723c751e8b465ee728b)
Start importing Assets/Textures/Sprites/Free Paper UI System/1 Sprites/Content/4 Buttons/20.png using Guid(e801e5b468376964eba899e80cfd9612) Importer(815301076,1909f56bfc062723c751e8b465ee728b)  -> (artifact id: '94db62c9baec6900adf65d3fe6b7c49d') in 0.015753 seconds
Number of updated asset objects reloaded before import = 0
Number of asset objects unloaded after import = 3
========================================================================
Received Import Request.
  Time since last request: 0.000019 seconds.
  path: Assets/Textures/Sprites/Free Paper UI System/1 Sprites/Content/4 Buttons/5.png
  artifactKey: Guid(32f2a35431f8c394c94aefc9cb0934f1) Importer(815301076,1909f56bfc062723c751e8b465ee728b)
Start importing Assets/Textures/Sprites/Free Paper UI System/1 Sprites/Content/4 Buttons/5.png using Guid(32f2a35431f8c394c94aefc9cb0934f1) Importer(815301076,1909f56bfc062723c751e8b465ee728b)  -> (artifact id: '86113cfd0ff1a187e72e60cd0c6076c6') in 0.011199 seconds
Number of updated asset objects reloaded before import = 0
Number of asset objects unloaded after import = 3
========================================================================
Received Import Request.
  Time since last request: 0.000098 seconds.
  path: Assets/Textures/Sprites/Free Paper UI System/1 Sprites/Content/4 Buttons/6.png
  artifactKey: Guid(ff7535ba25f890745b9a5474e7704d47) Importer(815301076,1909f56bfc062723c751e8b465ee728b)
Start importing Assets/Textures/Sprites/Free Paper UI System/1 Sprites/Content/4 Buttons/6.png using Guid(ff7535ba25f890745b9a5474e7704d47) Importer(815301076,1909f56bfc062723c751e8b465ee728b)  -> (artifact id: '60603195365bbe3e4fce2564d0220e2d') in 0.018412 seconds
Number of updated asset objects reloaded before import = 0
Number of asset objects unloaded after import = 3
========================================================================
Received Import Request.
  Time since last request: 0.000016 seconds.
  path: Assets/Textures/Sprites/Free Paper UI System/1 Sprites/Content/4 Buttons/11.png
  artifactKey: Guid(f208293687709af4eae212c665f30dcb) Importer(815301076,1909f56bfc062723c751e8b465ee728b)
Start importing Assets/Textures/Sprites/Free Paper UI System/1 Sprites/Content/4 Buttons/11.png using Guid(f208293687709af4eae212c665f30dcb) Importer(815301076,1909f56bfc062723c751e8b465ee728b)  -> (artifact id: '09eed6b201103584424b1f01e13799e9') in 0.013091 seconds
Number of updated asset objects reloaded before import = 0
Number of asset objects unloaded after import = 3
========================================================================
Received Import Request.
  Time since last request: 0.000021 seconds.
  path: Assets/Textures/Sprites/Free Paper UI System/1 Sprites/Content/4 Buttons/9.png
  artifactKey: Guid(0e2dfa1322c869343877e3ede21c2cc0) Importer(815301076,1909f56bfc062723c751e8b465ee728b)
Start importing Assets/Textures/Sprites/Free Paper UI System/1 Sprites/Content/4 Buttons/9.png using Guid(0e2dfa1322c869343877e3ede21c2cc0) Importer(815301076,1909f56bfc062723c751e8b465ee728b)  -> (artifact id: '0a673bae7e85fa82d50483bacb5d87cb') in 0.016227 seconds
Number of updated asset objects reloaded before import = 0
Number of asset objects unloaded after import = 3
========================================================================
Received Import Request.
  Time since last request: 0.617909 seconds.
  path: Assets/Textures/Sprites/Free Paper UI System/1 Sprites/Content/5 Holders/4.png
  artifactKey: Guid(f5c5336c911684343873e7df3f0b4323) Importer(815301076,1909f56bfc062723c751e8b465ee728b)
Start importing Assets/Textures/Sprites/Free Paper UI System/1 Sprites/Content/5 Holders/4.png using Guid(f5c5336c911684343873e7df3f0b4323) Importer(815301076,1909f56bfc062723c751e8b465ee728b)  -> (artifact id: 'ab5840a4c8aa16e027b5866ac67b9860') in 0.009470 seconds
Number of updated asset objects reloaded before import = 0
Number of asset objects unloaded after import = 3
========================================================================
Received Import Request.
  Time since last request: 0.000011 seconds.
  path: Assets/Textures/Sprites/Free Paper UI System/1 Sprites/Content/5 Holders/17.png
  artifactKey: Guid(3bc9810fad172d54a8fa54439cb44380) Importer(815301076,1909f56bfc062723c751e8b465ee728b)
Start importing Assets/Textures/Sprites/Free Paper UI System/1 Sprites/Content/5 Holders/17.png using Guid(3bc9810fad172d54a8fa54439cb44380) Importer(815301076,1909f56bfc062723c751e8b465ee728b)  -> (artifact id: '96329c0dd6a3493d6ae57984865a9dde') in 0.012382 seconds
Number of updated asset objects reloaded before import = 0
Number of asset objects unloaded after import = 3
========================================================================
Received Import Request.
  Time since last request: 0.000014 seconds.
  path: Assets/Textures/Sprites/Free Paper UI System/1 Sprites/Content/5 Holders/25.png
  artifactKey: Guid(54a35685601f8694eb2c005a4bdfd3cd) Importer(815301076,1909f56bfc062723c751e8b465ee728b)
Start importing Assets/Textures/Sprites/Free Paper UI System/1 Sprites/Content/5 Holders/25.png using Guid(54a35685601f8694eb2c005a4bdfd3cd) Importer(815301076,1909f56bfc062723c751e8b465ee728b)  -> (artifact id: '041b25e19902e912d45a8aa5304f14fa') in 0.017554 seconds
Number of updated asset objects reloaded before import = 0
Number of asset objects unloaded after import = 3
========================================================================
Received Import Request.
  Time since last request: 0.000016 seconds.
  path: Assets/Textures/Sprites/Free Paper UI System/1 Sprites/Content/5 Holders/18.png
  artifactKey: Guid(94080159c2b946247836feb5df1d3c37) Importer(815301076,1909f56bfc062723c751e8b465ee728b)
Start importing Assets/Textures/Sprites/Free Paper UI System/1 Sprites/Content/5 Holders/18.png using Guid(94080159c2b946247836feb5df1d3c37) Importer(815301076,1909f56bfc062723c751e8b465ee728b)  -> (artifact id: '92aee7263cedf452df217f6a9bddf91e') in 0.019000 seconds
Number of updated asset objects reloaded before import = 0
Number of asset objects unloaded after import = 3
========================================================================
Received Import Request.
  Time since last request: 0.000015 seconds.
  path: Assets/Textures/Sprites/Free Paper UI System/1 Sprites/Content/5 Holders/23.png
  artifactKey: Guid(c539dd7366ba3a8458c05d9050b79753) Importer(815301076,1909f56bfc062723c751e8b465ee728b)
Start importing Assets/Textures/Sprites/Free Paper UI System/1 Sprites/Content/5 Holders/23.png using Guid(c539dd7366ba3a8458c05d9050b79753) Importer(815301076,1909f56bfc062723c751e8b465ee728b)  -> (artifact id: '1af6da540b364bc55dcfdc41f86e88f5') in 0.012995 seconds
Number of updated asset objects reloaded before import = 0
Number of asset objects unloaded after import = 3
========================================================================
Received Import Request.
  Time since last request: 0.000014 seconds.
  path: Assets/Textures/Sprites/Free Paper UI System/1 Sprites/Content/5 Holders/9.png
  artifactKey: Guid(5c22b3925c182254dba113a5360dce77) Importer(815301076,1909f56bfc062723c751e8b465ee728b)
Start importing Assets/Textures/Sprites/Free Paper UI System/1 Sprites/Content/5 Holders/9.png using Guid(5c22b3925c182254dba113a5360dce77) Importer(815301076,1909f56bfc062723c751e8b465ee728b)  -> (artifact id: '93c06ef0f5fab112fce7861e919460a4') in 0.015515 seconds
Number of updated asset objects reloaded before import = 0
Number of asset objects unloaded after import = 3
========================================================================
Received Import Request.
  Time since last request: 1.674836 seconds.
  path: Assets/Textures/Sprites/Free Paper UI System/1 Sprites/Content/8 Equipment/4.png
  artifactKey: Guid(2e5c3aff054404b48b8e2f53043397d0) Importer(815301076,1909f56bfc062723c751e8b465ee728b)
Start importing Assets/Textures/Sprites/Free Paper UI System/1 Sprites/Content/8 Equipment/4.png using Guid(2e5c3aff054404b48b8e2f53043397d0) Importer(815301076,1909f56bfc062723c751e8b465ee728b)  -> (artifact id: '34e388e8f7185305730a52527ebcf654') in 0.010991 seconds
Number of updated asset objects reloaded before import = 0
Number of asset objects unloaded after import = 3
========================================================================
Received Import Request.
  Time since last request: 0.000016 seconds.
  path: Assets/Textures/Sprites/Free Paper UI System/1 Sprites/Content/8 Equipment/5.png
  artifactKey: Guid(88446d556a52b0f46a695e46673109da) Importer(815301076,1909f56bfc062723c751e8b465ee728b)
Start importing Assets/Textures/Sprites/Free Paper UI System/1 Sprites/Content/8 Equipment/5.png using Guid(88446d556a52b0f46a695e46673109da) Importer(815301076,1909f56bfc062723c751e8b465ee728b)  -> (artifact id: 'deb53cbfcd4cf4bac1b86abe028373ad') in 0.010113 seconds
Number of updated asset objects reloaded before import = 0
Number of asset objects unloaded after import = 3
========================================================================
Received Import Request.
  Time since last request: 0.000021 seconds.
  path: Assets/Textures/Sprites/Free Paper UI System/1 Sprites/Content/8 Equipment/14.png
  artifactKey: Guid(71d479dd3c0e2904cba2b411d5042cf8) Importer(815301076,1909f56bfc062723c751e8b465ee728b)
Start importing Assets/Textures/Sprites/Free Paper UI System/1 Sprites/Content/8 Equipment/14.png using Guid(71d479dd3c0e2904cba2b411d5042cf8) Importer(815301076,1909f56bfc062723c751e8b465ee728b)  -> (artifact id: '0dad13c940fe4e6afd64f5b649001774') in 0.012764 seconds
Number of updated asset objects reloaded before import = 0
Number of asset objects unloaded after import = 3
========================================================================
Received Import Request.
  Time since last request: 0.000012 seconds.
  path: Assets/Textures/Sprites/Free Paper UI System/1 Sprites/Content/8 Equipment/9.png
  artifactKey: Guid(f84afa002b161c44e8d6c7198e3f8cf8) Importer(815301076,1909f56bfc062723c751e8b465ee728b)
Start importing Assets/Textures/Sprites/Free Paper UI System/1 Sprites/Content/8 Equipment/9.png using Guid(f84afa002b161c44e8d6c7198e3f8cf8) Importer(815301076,1909f56bfc062723c751e8b465ee728b)  -> (artifact id: 'c5cec7267bbb01afb5868fa5b5165860') in 0.011986 seconds
Number of updated asset objects reloaded before import = 0
Number of asset objects unloaded after import = 3
========================================================================
Received Import Request.
  Time since last request: 0.000016 seconds.
  path: Assets/Textures/Sprites/Free Paper UI System/1 Sprites/Content/8 Equipment/17.png
  artifactKey: Guid(48d5eb844dd561f448a0bf3a3e9f895a) Importer(815301076,1909f56bfc062723c751e8b465ee728b)
Start importing Assets/Textures/Sprites/Free Paper UI System/1 Sprites/Content/8 Equipment/17.png using Guid(48d5eb844dd561f448a0bf3a3e9f895a) Importer(815301076,1909f56bfc062723c751e8b465ee728b)  -> (artifact id: '91253db6c2042dde04ae85be39091ce1') in 0.010255 seconds
Number of updated asset objects reloaded before import = 0
Number of asset objects unloaded after import = 3
========================================================================
Received Import Request.
  Time since last request: 0.375633 seconds.
  path: Assets/Textures/Sprites/Free Paper UI System/1 Sprites/Content/6 High lighter/4.png
  artifactKey: Guid(db3173cf9a8ac044c9c77d5cfd170ab2) Importer(815301076,1909f56bfc062723c751e8b465ee728b)
Start importing Assets/Textures/Sprites/Free Paper UI System/1 Sprites/Content/6 High lighter/4.png using Guid(db3173cf9a8ac044c9c77d5cfd170ab2) Importer(815301076,1909f56bfc062723c751e8b465ee728b)  -> (artifact id: '700622a5b1d20e8a7321e7f3736f17c2') in 0.014024 seconds
Number of updated asset objects reloaded before import = 0
Number of asset objects unloaded after import = 3
========================================================================
Received Import Request.
  Time since last request: 0.000015 seconds.
  path: Assets/Textures/Sprites/Free Paper UI System/1 Sprites/Content/6 High lighter/6.png
  artifactKey: Guid(c010c0971a1ba2449bfa4354b886648a) Importer(815301076,1909f56bfc062723c751e8b465ee728b)
Start importing Assets/Textures/Sprites/Free Paper UI System/1 Sprites/Content/6 High lighter/6.png using Guid(c010c0971a1ba2449bfa4354b886648a) Importer(815301076,1909f56bfc062723c751e8b465ee728b)  -> (artifact id: '338bbb9202c7a01c70b58360885aef49') in 0.010849 seconds
Number of updated asset objects reloaded before import = 0
Number of asset objects unloaded after import = 3
========================================================================
Received Import Request.
  Time since last request: 1.012682 seconds.
  path: Assets/Textures/Sprites/Free Paper UI System/1 Sprites/Content/1 Items/4.png
  artifactKey: Guid(d4b775d514a5b5e4b9658e91706e6dfb) Importer(815301076,1909f56bfc062723c751e8b465ee728b)
Start importing Assets/Textures/Sprites/Free Paper UI System/1 Sprites/Content/1 Items/4.png using Guid(d4b775d514a5b5e4b9658e91706e6dfb) Importer(815301076,1909f56bfc062723c751e8b465ee728b)  -> (artifact id: '7393d11171fd025835ab1bf6b72897db') in 0.010031 seconds
Number of updated asset objects reloaded before import = 0
Number of asset objects unloaded after import = 3
========================================================================
Received Import Request.
  Time since last request: 0.000011 seconds.
  path: Assets/Textures/Sprites/Free Paper UI System/1 Sprites/Content/1 Items/9.png
  artifactKey: Guid(61a2b4cd5d9502f4286d8f271a7a096a) Importer(815301076,1909f56bfc062723c751e8b465ee728b)
Start importing Assets/Textures/Sprites/Free Paper UI System/1 Sprites/Content/1 Items/9.png using Guid(61a2b4cd5d9502f4286d8f271a7a096a) Importer(815301076,1909f56bfc062723c751e8b465ee728b)  -> (artifact id: '1c2e5c13af3be060db26924a158f8be9') in 0.011694 seconds
Number of updated asset objects reloaded before import = 0
Number of asset objects unloaded after import = 3
========================================================================
Received Import Request.
  Time since last request: 0.000012 seconds.
  path: Assets/Textures/Sprites/Free Paper UI System/1 Sprites/Content/1 Items/7.png
  artifactKey: Guid(eaf1ab79f86b5ca44acc9285d63ff16a) Importer(815301076,1909f56bfc062723c751e8b465ee728b)
Start importing Assets/Textures/Sprites/Free Paper UI System/1 Sprites/Content/1 Items/7.png using Guid(eaf1ab79f86b5ca44acc9285d63ff16a) Importer(815301076,1909f56bfc062723c751e8b465ee728b)  -> (artifact id: 'a38eafe79a1b15ff1bf13a6023cbd3f0') in 0.015407 seconds
Number of updated asset objects reloaded before import = 0
Number of asset objects unloaded after import = 3
========================================================================
Received Import Request.
  Time since last request: 0.000014 seconds.
  path: Assets/Textures/Sprites/Free Paper UI System/1 Sprites/Content/1 Items/16.png
  artifactKey: Guid(9c97f6610ec79134bb2628eea972f43f) Importer(815301076,1909f56bfc062723c751e8b465ee728b)
Start importing Assets/Textures/Sprites/Free Paper UI System/1 Sprites/Content/1 Items/16.png using Guid(9c97f6610ec79134bb2628eea972f43f) Importer(815301076,1909f56bfc062723c751e8b465ee728b)  -> (artifact id: '367f5e3892505d262bee19294058f8be') in 0.022147 seconds
Number of updated asset objects reloaded before import = 0
Number of asset objects unloaded after import = 3
========================================================================
Received Import Request.
  Time since last request: 0.000091 seconds.
  path: Assets/Textures/Sprites/Free Paper UI System/1 Sprites/Content/1 Items/Floppy-Drive.png
  artifactKey: Guid(e3e6c283d35000d469b95777ff927658) Importer(815301076,1909f56bfc062723c751e8b465ee728b)
Start importing Assets/Textures/Sprites/Free Paper UI System/1 Sprites/Content/1 Items/Floppy-Drive.png using Guid(e3e6c283d35000d469b95777ff927658) Importer(815301076,1909f56bfc062723c751e8b465ee728b)  -> (artifact id: 'e0600e69ca541bed2be8d639d5d44f15') in 0.010787 seconds
Number of updated asset objects reloaded before import = 0
Number of asset objects unloaded after import = 3
========================================================================
Received Import Request.
  Time since last request: 0.000040 seconds.
  path: Assets/Textures/Sprites/Free Paper UI System/1 Sprites/Content/1 Items/23.png
  artifactKey: Guid(c613d1d4327291e428d03c729399f086) Importer(815301076,1909f56bfc062723c751e8b465ee728b)
Start importing Assets/Textures/Sprites/Free Paper UI System/1 Sprites/Content/1 Items/23.png using Guid(c613d1d4327291e428d03c729399f086) Importer(815301076,1909f56bfc062723c751e8b465ee728b)  -> (artifact id: '20908532f22cc855d77b01d75e985e1b') in 0.007982 seconds
Number of updated asset objects reloaded before import = 0
Number of asset objects unloaded after import = 3
========================================================================
Received Import Request.
  Time since last request: 0.000013 seconds.
  path: Assets/Textures/Sprites/Free Paper UI System/1 Sprites/Content/1 Items/22.png
  artifactKey: Guid(4fb13634b8bb204449e5eee2bdd6883c) Importer(815301076,1909f56bfc062723c751e8b465ee728b)
Start importing Assets/Textures/Sprites/Free Paper UI System/1 Sprites/Content/1 Items/22.png using Guid(4fb13634b8bb204449e5eee2bdd6883c) Importer(815301076,1909f56bfc062723c751e8b465ee728b)  -> (artifact id: '250f72d223175e1d4ee52644f98d53f8') in 0.012984 seconds
Number of updated asset objects reloaded before import = 0
Number of asset objects unloaded after import = 3
========================================================================
Received Import Request.
  Time since last request: 0.517115 seconds.
  path: Assets/Textures/Sprites/Free Paper UI System/1 Sprites/Content/2 Icons/7.png
  artifactKey: Guid(86c1dece02641924d812f10943d7f576) Importer(815301076,1909f56bfc062723c751e8b465ee728b)
Start importing Assets/Textures/Sprites/Free Paper UI System/1 Sprites/Content/2 Icons/7.png using Guid(86c1dece02641924d812f10943d7f576) Importer(815301076,1909f56bfc062723c751e8b465ee728b)  -> (artifact id: '32d16e006003d0d221cba9cc07e5c501') in 0.008620 seconds
Number of updated asset objects reloaded before import = 0
Number of asset objects unloaded after import = 3
========================================================================
Received Import Request.
  Time since last request: 0.000012 seconds.
  path: Assets/Textures/Sprites/Free Paper UI System/1 Sprites/Content/2 Icons/11.png
  artifactKey: Guid(0fe5d3ea683f5d04da09bf6789d501ed) Importer(815301076,1909f56bfc062723c751e8b465ee728b)
Start importing Assets/Textures/Sprites/Free Paper UI System/1 Sprites/Content/2 Icons/11.png using Guid(0fe5d3ea683f5d04da09bf6789d501ed) Importer(815301076,1909f56bfc062723c751e8b465ee728b)  -> (artifact id: '4684cd15bd63fd669503e1201b11c771') in 0.007003 seconds
Number of updated asset objects reloaded before import = 0
Number of asset objects unloaded after import = 3
========================================================================
Received Import Request.
  Time since last request: 0.000012 seconds.
  path: Assets/Textures/Sprites/Free Paper UI System/1 Sprites/Content/2 Icons/25.png
  artifactKey: Guid(b221bb652b33b2944bacda279f80d141) Importer(815301076,1909f56bfc062723c751e8b465ee728b)
Start importing Assets/Textures/Sprites/Free Paper UI System/1 Sprites/Content/2 Icons/25.png using Guid(b221bb652b33b2944bacda279f80d141) Importer(815301076,1909f56bfc062723c751e8b465ee728b)  -> (artifact id: '1287c5d95fccc51458b65aa82c7a0d5e') in 0.010427 seconds
Number of updated asset objects reloaded before import = 0
Number of asset objects unloaded after import = 3
========================================================================
Received Import Request.
  Time since last request: 0.000015 seconds.
  path: Assets/Textures/Sprites/Free Paper UI System/1 Sprites/Content/2 Icons/18.png
  artifactKey: Guid(c4f6b1a7280ff834cbfd5d53b17fa6c7) Importer(815301076,1909f56bfc062723c751e8b465ee728b)
Start importing Assets/Textures/Sprites/Free Paper UI System/1 Sprites/Content/2 Icons/18.png using Guid(c4f6b1a7280ff834cbfd5d53b17fa6c7) Importer(815301076,1909f56bfc062723c751e8b465ee728b)  -> (artifact id: '10810179c88304d01cee4328765d0061') in 0.014262 seconds
Number of updated asset objects reloaded before import = 0
Number of asset objects unloaded after import = 3
========================================================================
Received Import Request.
  Time since last request: 0.000013 seconds.
  path: Assets/Textures/Sprites/Free Paper UI System/1 Sprites/Content/2 Icons/13.png
  artifactKey: Guid(dee91e9a0753ff9408f6ffdeaa812e5a) Importer(815301076,1909f56bfc062723c751e8b465ee728b)
Start importing Assets/Textures/Sprites/Free Paper UI System/1 Sprites/Content/2 Icons/13.png using Guid(dee91e9a0753ff9408f6ffdeaa812e5a) Importer(815301076,1909f56bfc062723c751e8b465ee728b)  -> (artifact id: 'b0cceac87294c38fe5df6f8561a99f16') in 0.014045 seconds
Number of updated asset objects reloaded before import = 0
Number of asset objects unloaded after import = 3
========================================================================
Received Import Request.
  Time since last request: 0.000017 seconds.
  path: Assets/Textures/Sprites/Free Paper UI System/1 Sprites/Content/2 Icons/19.png
  artifactKey: Guid(c5a9e585dfc46f64b92046041e0d01ee) Importer(815301076,1909f56bfc062723c751e8b465ee728b)
Start importing Assets/Textures/Sprites/Free Paper UI System/1 Sprites/Content/2 Icons/19.png using Guid(c5a9e585dfc46f64b92046041e0d01ee) Importer(815301076,1909f56bfc062723c751e8b465ee728b)  -> (artifact id: '259cfe0a44268b91348200df6274a3e7') in 0.009287 seconds
Number of updated asset objects reloaded before import = 0
Number of asset objects unloaded after import = 3
========================================================================
Received Import Request.
  Time since last request: 0.644275 seconds.
  path: Assets/Textures/Sprites/Free Paper UI System/1 Sprites/Content/3 Progress Bars/4.png
  artifactKey: Guid(ab79902ce559efa4186e8f148abd9ea8) Importer(815301076,1909f56bfc062723c751e8b465ee728b)
Start importing Assets/Textures/Sprites/Free Paper UI System/1 Sprites/Content/3 Progress Bars/4.png using Guid(ab79902ce559efa4186e8f148abd9ea8) Importer(815301076,1909f56bfc062723c751e8b465ee728b)  -> (artifact id: '154368478e24c6448f9e8eacbcb66c9d') in 0.007920 seconds
Number of updated asset objects reloaded before import = 0
Number of asset objects unloaded after import = 3
========================================================================
Received Import Request.
  Time since last request: 0.000012 seconds.
  path: Assets/Textures/Sprites/Free Paper UI System/1 Sprites/Content/3 Progress Bars/15.png
  artifactKey: Guid(2ae1f536b8031b44bbb60e0e80a3400d) Importer(815301076,1909f56bfc062723c751e8b465ee728b)
Start importing Assets/Textures/Sprites/Free Paper UI System/1 Sprites/Content/3 Progress Bars/15.png using Guid(2ae1f536b8031b44bbb60e0e80a3400d) Importer(815301076,1909f56bfc062723c751e8b465ee728b)  -> (artifact id: '5281ca1cf55d74438f61cbe1d37224c0') in 0.008167 seconds
Number of updated asset objects reloaded before import = 0
Number of asset objects unloaded after import = 3
========================================================================
Received Import Request.
  Time since last request: 0.000013 seconds.
  path: Assets/Textures/Sprites/Free Paper UI System/1 Sprites/Content/3 Progress Bars/8.png
  artifactKey: Guid(6e8b53482a971e04b82f09c14ca8ba68) Importer(815301076,1909f56bfc062723c751e8b465ee728b)
Start importing Assets/Textures/Sprites/Free Paper UI System/1 Sprites/Content/3 Progress Bars/8.png using Guid(6e8b53482a971e04b82f09c14ca8ba68) Importer(815301076,1909f56bfc062723c751e8b465ee728b)  -> (artifact id: '057a9a587e3369a0c615526d138884e4') in 0.015821 seconds
Number of updated asset objects reloaded before import = 0
Number of asset objects unloaded after import = 3
========================================================================
Received Import Request.
  Time since last request: 0.000012 seconds.
  path: Assets/Textures/Sprites/Free Paper UI System/1 Sprites/Content/3 Progress Bars/6.png
  artifactKey: Guid(b9e8deb2cc5b7644db0dada24e9117c8) Importer(815301076,1909f56bfc062723c751e8b465ee728b)
Start importing Assets/Textures/Sprites/Free Paper UI System/1 Sprites/Content/3 Progress Bars/6.png using Guid(b9e8deb2cc5b7644db0dada24e9117c8) Importer(815301076,1909f56bfc062723c751e8b465ee728b)  -> (artifact id: '737486c0c1d8c8f76c153d3a57235d72') in 0.012489 seconds
Number of updated asset objects reloaded before import = 0
Number of asset objects unloaded after import = 3
========================================================================
Received Import Request.
  Time since last request: 7.527229 seconds.
  path: Assets/Textures/Sprites/Free Paper UI System/1 Sprites/Content/10 Banners & Headers/Cutout/4.png
  artifactKey: Guid(933f479a23eeda2488034f89c4aa905e) Importer(815301076,1909f56bfc062723c751e8b465ee728b)
Start importing Assets/Textures/Sprites/Free Paper UI System/1 Sprites/Content/10 Banners & Headers/Cutout/4.png using Guid(933f479a23eeda2488034f89c4aa905e) Importer(815301076,1909f56bfc062723c751e8b465ee728b)  -> (artifact id: 'bdcd6014bb49f9d0a8fedb075c15f89c') in 0.010163 seconds
Number of updated asset objects reloaded before import = 0
Number of asset objects unloaded after import = 3
========================================================================
Received Import Request.
  Time since last request: 0.000011 seconds.
  path: Assets/Textures/Sprites/Free Paper UI System/1 Sprites/Content/10 Banners & Headers/Cutout/16.png
  artifactKey: Guid(028cd2b04d3e65b4f9a81bdae1cdd4ae) Importer(815301076,1909f56bfc062723c751e8b465ee728b)
Start importing Assets/Textures/Sprites/Free Paper UI System/1 Sprites/Content/10 Banners & Headers/Cutout/16.png using Guid(028cd2b04d3e65b4f9a81bdae1cdd4ae) Importer(815301076,1909f56bfc062723c751e8b465ee728b)  -> (artifact id: 'a6b0575dc9efacb244bc13dd0b6c9af6') in 0.011081 seconds
Number of updated asset objects reloaded before import = 0
Number of asset objects unloaded after import = 3
========================================================================
Received Import Request.
  Time since last request: 0.000013 seconds.
  path: Assets/Textures/Sprites/Free Paper UI System/1 Sprites/Content/10 Banners & Headers/Cutout/17.png
  artifactKey: Guid(e9fa13bdf4f0f824384bd0ae6e367caa) Importer(815301076,1909f56bfc062723c751e8b465ee728b)
Start importing Assets/Textures/Sprites/Free Paper UI System/1 Sprites/Content/10 Banners & Headers/Cutout/17.png using Guid(e9fa13bdf4f0f824384bd0ae6e367caa) Importer(815301076,1909f56bfc062723c751e8b465ee728b)  -> (artifact id: 'c9a1b89dd1c9c849bf70eaf3e8890b90') in 0.018877 seconds
Number of updated asset objects reloaded before import = 0
Number of asset objects unloaded after import = 3
========================================================================
Received Import Request.
  Time since last request: 0.000023 seconds.
  path: Assets/Textures/Sprites/Free Paper UI System/1 Sprites/Content/10 Banners & Headers/Cutout/5.png
  artifactKey: Guid(b49e7e27c58946344ba7daca760b2ca1) Importer(815301076,1909f56bfc062723c751e8b465ee728b)
Start importing Assets/Textures/Sprites/Free Paper UI System/1 Sprites/Content/10 Banners & Headers/Cutout/5.png using Guid(b49e7e27c58946344ba7daca760b2ca1) Importer(815301076,1909f56bfc062723c751e8b465ee728b)  -> (artifact id: '3a16f71234bc2b755ec9aa4f2733ccb0') in 0.015993 seconds
Number of updated asset objects reloaded before import = 0
Number of asset objects unloaded after import = 3
========================================================================
Received Import Request.
  Time since last request: 0.000027 seconds.
  path: Assets/Textures/Sprites/Free Paper UI System/1 Sprites/Content/10 Banners & Headers/Cutout/9.png
  artifactKey: Guid(ed8367da793e4264b845da89382ecbb3) Importer(815301076,1909f56bfc062723c751e8b465ee728b)
Start importing Assets/Textures/Sprites/Free Paper UI System/1 Sprites/Content/10 Banners & Headers/Cutout/9.png using Guid(ed8367da793e4264b845da89382ecbb3) Importer(815301076,1909f56bfc062723c751e8b465ee728b)  -> (artifact id: '72c466312cd43699b128442f2784a207') in 0.009813 seconds
Number of updated asset objects reloaded before import = 0
Number of asset objects unloaded after import = 3
Editor requested this worker to shutdown with reason: Scaling down because of idle timeout
TcpMessagingSession - receive error
AssetImportWorkerClient::OnTransportError - code=2 error=End of file
AssetImportWorker is now disconnected from the server
Process exiting
Exiting without the bug reporter. Application will terminate with return code 0